Step: build-step-credential-initializer-92k4n:

{"level":"warn","ts":1554993833.4965212,"logger":"fallback-logger","caller":"logging/config.go:65","msg":"Fetch GitHub commit ID from kodata failed: \"ref: refs/heads/backport-container-name-fix\" is not a valid GitHub commit ID"}
{"level":"info","ts":1554993833.4982326,"logger":"fallback-logger","caller":"creds-init/main.go:40","msg":"Credentials initialized."}
Step: build-step-git-source-jenkins-x-**-tutorial-pr-772-te-t2zbz:

{"level":"warn","ts":1554993834.7068908,"logger":"fallback-logger","caller":"logging/config.go:65","msg":"Fetch GitHub commit ID from kodata failed: \"ref: refs/heads/backport-container-name-fix\" is not a valid GitHub commit ID"}
{"level":"info","ts":1554993836.676365,"logger":"fallback-logger","caller":"git-init/main.go:99","msg":"Successfully cloned \"https://github.com/jenkins-x/**-tutorial\" @ \"d81d49b1fce9e9b7fcde0d1faab8e8295229e22e\" in path \"/workspace/source\""}
Step: build-step-place-tools:

Step: build-step-git-merge:

Warning failed to load version: failed to parse version -dev+548a93a-dev+981c48321: No Major.Minor.Patch elements found
Using SHAs from PULL_REFS=master:7b48881e069c075bacb18b01f2c3ab088f21b6ef,772:d81d49b1fce9e9b7fcde0d1faab8e8295229e22e
ran git fetch --unshallow origin d81d49b1fce9e9b7fcde0d1faab8e8295229e22e: 7b48881e069c075bacb18b01f2c3ab088f21b6ef: in 
ran git checkout master in 
ran git reset --hard 7b48881e069c075bacb18b01f2c3ab088f21b6ef in 
ran clean --force -d . in 
ran git merge d81d49b1fce9e9b7fcde0d1faab8e8295229e22e in 
Step: build-step-build-dummy-build:

PR
Step: build-step-source-mkdir-jenkins-x-**-tutorial-pr-772-te-fpg5d:

{"level":"warn","ts":1554993900.3240957,"logger":"fallback-logger","caller":"logging/config.go:65","msg":"Fetch GitHub commit ID from kodata failed: open /var/run/ko/HEAD: no such file or directory"}
{"level":"info","ts":1554993900.3398633,"logger":"fallback-logger","caller":"bash/main.go:65","msg":"Successfully executed command \"mkdir -p /pvc/from-build-pack/workspace\""}
Step: build-step-source-copy-jenkins-x-**-tutorial-pr-772-te-z9vwg:

{"level":"warn","ts":1554993901.4251792,"logger":"fallback-logger","caller":"logging/config.go:65","msg":"Fetch GitHub commit ID from kodata failed: open /var/run/ko/HEAD: no such file or directory"}
{"level":"info","ts":1554993901.5837018,"logger":"fallback-logger","caller":"bash/main.go:65","msg":"Successfully executed command \"cp -r /workspace/source/. /pvc/from-build-pack/workspace\""}
