Step: build-step-credential-initializer-gtxpf:

{"level":"warn","ts":1554978789.2635558,"logger":"fallback-logger","caller":"logging/config.go:65","msg":"Fetch GitHub commit ID from kodata failed: \"ref: refs/heads/backport-container-name-fix\" is not a valid GitHub commit ID"}
{"level":"info","ts":1554978789.2857804,"logger":"fallback-logger","caller":"creds-init/main.go:40","msg":"Credentials initialized."}
Step: build-step-git-source-jenkins-x-**-docs-master-q2h77:

{"level":"warn","ts":1554978790.8056152,"logger":"fallback-logger","caller":"logging/config.go:65","msg":"Fetch GitHub commit ID from kodata failed: \"ref: refs/heads/backport-container-name-fix\" is not a valid GitHub commit ID"}
{"level":"info","ts":1554978795.0139613,"logger":"fallback-logger","caller":"git-init/main.go:99","msg":"Successfully cloned \"https://github.com/jenkins-x/**-docs\" @ \"v0.0.54\" in path \"/workspace/source\""}
Step: build-step-place-tools:

Step: build-step-git-merge:

Warning failed to load version: failed to parse version -dev+548a93a-dev+981c48321: No Major.Minor.Patch elements found
Using SHAs from PULL_REFS=master:
time="2019-04-11T10:33:21Z" level=warning msg="no SHAs to merge, falling back to initial cloned commit"
Step: build-step-step2:

Cloning into 'jenkins-x-website'...
Step: build-step-step3:

Hugo Static Site Generator v0.49 linux/amd64 BuildDate: 2018-09-24T10:03:17Z
Step: build-step-step4:

[?25lBuilding sites … [?25h[K
                   | EN  | ZH   
+------------------+-----+-----+
  Pages            | 458 |  78  
  Paginator pages  |   3 |   0  
  Non-page files   |   0 |   0  
  Static files     | 242 | 242  
  Processed images |   0 |   0  
  Aliases          |  11 |   8  
  Sitemaps         |   2 |   1  
  Cleaned          |   0 |   0  

Total in 1104 ms
Step: build-step-step5:

/workspace/source/jenkins-x-website /workspace/source
Generated Git credentials file /builder/home/git/credentials
[master 61ddca1] updated site
 490 files changed, 3082 insertions(+), 3081 deletions(-)
To https://github.com/jenkins-x/jenkins-x-website.git
 ! [rejected]        master -> master (fetch first)
error: failed to push some refs to 'https://github.com/jenkins-x/jenkins-x-website.git'
hint: Updates were rejected because the remote contains work that you do
hint: not have locally. This is usually caused by another repository pushing
hint: to the same ref. You may want to first integrate the remote changes
hint: (e.g., 'git pull ...') before pushing again.
hint: See the 'Note about fast-forwards' in 'git push --help' for details.
/workspace/source
Step: build-step-source-mkdir-jenkins-x-**-docs-master-snn7b:

{"level":"warn","ts":1554978848.8874853,"logger":"fallback-logger","caller":"logging/config.go:65","msg":"Fetch GitHub commit ID from kodata failed: open /var/run/ko/HEAD: no such file or directory"}
{"level":"info","ts":1554978848.921959,"logger":"fallback-logger","caller":"bash/main.go:65","msg":"Successfully executed command \"mkdir -p /pvc/release/workspace\""}
Step: build-step-source-copy-jenkins-x-**-docs-master-6pc28:

{"level":"warn","ts":1554978849.9328756,"logger":"fallback-logger","caller":"logging/config.go:65","msg":"Fetch GitHub commit ID from kodata failed: open /var/run/ko/HEAD: no such file or directory"}
{"level":"info","ts":1554978850.9065516,"logger":"fallback-logger","caller":"bash/main.go:65","msg":"Successfully executed command \"cp -r /workspace/source/. /pvc/release/workspace\""}
