Step: build-step-credential-initializer-6fz9m:

Unable to retrieve container logs for docker://34b2a9c6feca6f6c94774e1e0e4cfa2b639da1bd3ff9d05a9903a8c09d3b4449
Step: build-step-git-source-jenkins-x-**-pr-3590-bdd-57txs:

Unable to retrieve container logs for docker://8b348b79cf2f2109c18a274610ce0152132a47569bf25968f35d40050d51ec56
Step: build-step-place-tools:

Unable to retrieve container logs for docker://0ae681b9216a0b4373fd66b1a3e16232ff4e1e5f8df24721552f22d8089d4177
Step: build-step-git-merge:

Unable to retrieve container logs for docker://9e7924636c6c115722f00e9d1d05fc07a16946195a1d5f2eb5308b7c3323dbb2
Step: build-step-build-binary:

Unable to retrieve container logs for docker://265ab6dea1c99d3aba7be98c86dfc75883d8d16ed3247645ba9a995e66fd7a10
Step: build-step-validate-binary:

Unable to retrieve container logs for docker://2b829c34f7b4b91fadae4780ad788a177f13892981542f36a1ca4bb0fd0a913c
Step: build-step-build-and-push-image:

Unable to retrieve container logs for docker://4ae724e6188286517c6d7b656373cc293f5440d92a8dd46cd05736612543da06
Step: build-step-build-and-push-nodejs:

Unable to retrieve container logs for docker://8698719e442ac57efd98e0f2787b2d09d3126e35638bc03bf80e088bf899832b
Step: build-step-build-and-push-maven:

Unable to retrieve container logs for docker://834d9db67cbac56932677a1be9bd3308b8b92365e348eb085ba5afbddeaa8b2d
Step: build-step-build-and-push-go:

Unable to retrieve container logs for docker://8379fd3bfab07379858946a99538c50518f7f8e572e55b210c1019c0ddae5050
Step: build-step-preview:

Unable to retrieve container logs for docker://38daba4fb542026f82297f50814ccf19d3f143f56496ee189ca934703ebc5a19
Step: build-step-source-mkdir-jenkins-x-**-pr-3590-bdd-j5rfq:

Unable to retrieve container logs for docker://73e51e9db16d7d7130a6f2f9469d3568f2c57236900e6b0942a3722c23b12c7a
Step: build-step-source-copy-jenkins-x-**-pr-3590-bdd-zkbcg:

Unable to retrieve container logs for docker://b55daef2a2959858feb6eb6ee1f2b76a1913ad5f1fd95fa5cb1decb7af9b180f
