Step: build-step-credential-initializer-wv7vt:

{"level":"warn","ts":1554983170.8183415,"logger":"fallback-logger","caller":"logging/config.go:65","msg":"Fetch GitHub commit ID from kodata failed: \"ref: refs/heads/backport-container-name-fix\" is not a valid GitHub commit ID"}
{"level":"info","ts":1554983170.8193505,"logger":"fallback-logger","caller":"creds-init/main.go:40","msg":"Credentials initialized."}
Step: build-step-git-source-jenkins-x-**-tutorial-pr-771-te-ckgkb:

{"level":"warn","ts":1554983172.5421214,"logger":"fallback-logger","caller":"logging/config.go:65","msg":"Fetch GitHub commit ID from kodata failed: \"ref: refs/heads/backport-container-name-fix\" is not a valid GitHub commit ID"}
{"level":"info","ts":1554983174.1896665,"logger":"fallback-logger","caller":"git-init/main.go:99","msg":"Successfully cloned \"https://github.com/jenkins-x/**-tutorial\" @ \"be4873aa11671307d12812ac24dc1cfc1f0a8eef\" in path \"/workspace/source\""}
Step: build-step-place-tools:

Step: build-step-git-merge:

Warning failed to load version: failed to parse version -dev+548a93a-dev+981c48321: No Major.Minor.Patch elements found
Using SHAs from PULL_REFS=master:495cbf30bbf04811500a2144c2900f9ab35e3eb7,771:be4873aa11671307d12812ac24dc1cfc1f0a8eef
ran git fetch --unshallow origin be4873aa11671307d12812ac24dc1cfc1f0a8eef: 495cbf30bbf04811500a2144c2900f9ab35e3eb7: in 
ran git checkout master in 
ran git reset --hard 495cbf30bbf04811500a2144c2900f9ab35e3eb7 in 
ran clean --force -d . in 
ran git merge be4873aa11671307d12812ac24dc1cfc1f0a8eef in 
Step: build-step-build-dummy-build:

PR
Step: build-step-source-mkdir-jenkins-x-**-tutorial-pr-771-te-sf4kd:

{"level":"warn","ts":1554983182.7567074,"logger":"fallback-logger","caller":"logging/config.go:65","msg":"Fetch GitHub commit ID from kodata failed: open /var/run/ko/HEAD: no such file or directory"}
{"level":"info","ts":1554983182.788207,"logger":"fallback-logger","caller":"bash/main.go:65","msg":"Successfully executed command \"mkdir -p /pvc/from-build-pack/workspace\""}
Step: build-step-source-copy-jenkins-x-**-tutorial-pr-771-te-jn4tl:

{"level":"warn","ts":1554983184.3814993,"logger":"fallback-logger","caller":"logging/config.go:65","msg":"Fetch GitHub commit ID from kodata failed: open /var/run/ko/HEAD: no such file or directory"}
{"level":"info","ts":1554983184.390521,"logger":"fallback-logger","caller":"bash/main.go:65","msg":"Successfully executed command \"cp -r /workspace/source/. /pvc/from-build-pack/workspace\""}
