Step: build-step-credential-initializer-9zr88:

{"level":"warn","ts":1554928741.8217828,"logger":"fallback-logger","caller":"logging/config.go:65","msg":"Fetch GitHub commit ID from kodata failed: \"ref: refs/heads/backport-container-name-fix\" is not a valid GitHub commit ID"}
{"level":"info","ts":1554928741.8224056,"logger":"fallback-logger","caller":"creds-init/main.go:40","msg":"Credentials initialized."}
Step: build-step-git-source-jenkins-x-**-tutorial-pr-770-te-sk499:

{"level":"warn","ts":1554928742.9305997,"logger":"fallback-logger","caller":"logging/config.go:65","msg":"Fetch GitHub commit ID from kodata failed: \"ref: refs/heads/backport-container-name-fix\" is not a valid GitHub commit ID"}
{"level":"info","ts":1554928744.822023,"logger":"fallback-logger","caller":"git-init/main.go:99","msg":"Successfully cloned \"https://github.com/jenkins-x/**-tutorial\" @ \"caff88fc8332989458b63e78b39d6a291ee4c660\" in path \"/workspace/source\""}
Step: build-step-place-tools:

Step: build-step-git-merge:

Warning failed to load version: failed to parse version -dev+548a93a-dev+981c48321: No Major.Minor.Patch elements found
Using SHAs from PULL_REFS=master:6e0721fd7f0bc31292bdeda4320347e77b08e139,770:caff88fc8332989458b63e78b39d6a291ee4c660
ran git fetch --unshallow origin caff88fc8332989458b63e78b39d6a291ee4c660: 6e0721fd7f0bc31292bdeda4320347e77b08e139: in 
ran git checkout master in 
ran git reset --hard 6e0721fd7f0bc31292bdeda4320347e77b08e139 in 
ran clean --force -d . in 
ran git merge caff88fc8332989458b63e78b39d6a291ee4c660 in 
Step: build-step-build-dummy-build:

PR
Step: build-step-source-mkdir-jenkins-x-**-tutorial-pr-770-te-l6xpc:

{"level":"warn","ts":1554928751.2154012,"logger":"fallback-logger","caller":"logging/config.go:65","msg":"Fetch GitHub commit ID from kodata failed: open /var/run/ko/HEAD: no such file or directory"}
{"level":"info","ts":1554928751.2595243,"logger":"fallback-logger","caller":"bash/main.go:65","msg":"Successfully executed command \"mkdir -p /pvc/from-build-pack/workspace\""}
Step: build-step-source-copy-jenkins-x-**-tutorial-pr-770-te-w745w:

{"level":"warn","ts":1554928752.3903608,"logger":"fallback-logger","caller":"logging/config.go:65","msg":"Fetch GitHub commit ID from kodata failed: open /var/run/ko/HEAD: no such file or directory"}
{"level":"info","ts":1554928752.3986537,"logger":"fallback-logger","caller":"bash/main.go:65","msg":"Successfully executed command \"cp -r /workspace/source/. /pvc/from-build-pack/workspace\""}
