Step: build-step-credential-initializer-95gp2:

{"level":"warn","ts":1554883418.7960818,"logger":"fallback-logger","caller":"logging/config.go:65","msg":"Fetch GitHub commit ID from kodata failed: \"ref: refs/heads/backport-container-name-fix\" is not a valid GitHub commit ID"}
{"level":"info","ts":1554883418.7965994,"logger":"fallback-logger","caller":"creds-init/main.go:40","msg":"Credentials initialized."}
Step: build-step-git-source-jenkins-x-**-pr-3583-lint-9xrh4:

{"level":"warn","ts":1554883419.6607878,"logger":"fallback-logger","caller":"logging/config.go:65","msg":"Fetch GitHub commit ID from kodata failed: \"ref: refs/heads/backport-container-name-fix\" is not a valid GitHub commit ID"}
{"level":"info","ts":1554883422.2110517,"logger":"fallback-logger","caller":"git-init/main.go:99","msg":"Successfully cloned \"https://github.com/jenkins-x/**\" @ \"3bdde1db8db71e9766105c93aab411bf151a84ed\" in path \"/workspace/source\""}
Step: build-step-place-tools:

Step: build-step-git-merge:

Warning failed to load version: failed to parse version -dev+548a93a-dev+981c48321: No Major.Minor.Patch elements found
Using SHAs from PULL_REFS=master:a7b863fab263ccdf589f87c680b6ce2b243ed04d,3583:3bdde1db8db71e9766105c93aab411bf151a84ed
ran git fetch --unshallow origin 3bdde1db8db71e9766105c93aab411bf151a84ed: a7b863fab263ccdf589f87c680b6ce2b243ed04d: in 
ran git checkout master in 
ran git reset --hard a7b863fab263ccdf589f87c680b6ce2b243ed04d in 
ran clean --force -d . in 
ran git merge 3bdde1db8db71e9766105c93aab411bf151a84ed in 
Step: build-step-init-**:

Created user fake API Token for Git server GitHub at https://github.com
Step: build-step-init-helm:

Creating /builder/home/.helm 
Creating /builder/home/.helm/repository 
Creating /builder/home/.helm/repository/cache 
Creating /builder/home/.helm/repository/local 
Creating /builder/home/.helm/plugins 
Creating /builder/home/.helm/starters 
Creating /builder/home/.helm/cache/archive 
Creating /builder/home/.helm/repository/repositories.yaml 
Adding stable repo with URL: https://kubernetes-charts.storage.googleapis.com 
Adding local repo with URL: http://127.0.0.1:8879/charts 
$HELM_HOME has been configured at /builder/home/.helm.
Not installing Tiller due to 'client-only' flag having been set
Happy Helming!
Step: build-step-lint:

Running validation scripts...
RUN hack/gofmt.sh
[0;32mPASSED[0m hack/gofmt.sh
RUN hack/linter.sh
Installing GolangCI-Lint
golangci/golangci-lint info checking GitHub for tag 'v1.15.0'
golangci/golangci-lint info found version: 1.15.0 for v1.15.0/linux/amd64
golangci/golangci-lint info installed /home/jenkins/go/bin/golangci-lint
level=error msg="Running error: context loading failed: failed to load program with go/packages: could not determine GOARCH and Go compiler"
level=error msg="Deadline exceeded: try increase it by passing --deadline option"
[0;32mPASSED[0m hack/linter.sh
RUN hack/check-openapi.sh
CGO_ENABLED=0 GO111MODULE=on go build  -o build/codegen cmd/codegen/codegen.go
pkg/**/cmd/create_codeship.go:16:2: read /home/jenkins/go/pkg/mod/github.com/codeship/codeship-go@v0.0.0-20180717142545-7793ca823354/codeship.go: read /home/jenkins/go/pkg/mod/github.com/codeship/codeship-go@v0.0.0-20180717142545-7793ca823354/codeship.go: cannot allocate memory
pkg/**/cmd/import.go:34:2: read /home/jenkins/go/pkg/mod/github.com/denormal/go-gitignore@v0.0.0-20180713143441-75ce8f3e513c/cache.go: read /home/jenkins/go/pkg/mod/github.com/denormal/go-gitignore@v0.0.0-20180713143441-75ce8f3e513c/cache.go: cannot allocate memory
make: *** [build-codegen] Error 1
[0;32mPASSED[0m hack/check-openapi.sh
Step: build-step-source-mkdir-jenkins-x-**-pr-3583-lint-5jnhw:

{"level":"warn","ts":1554883782.063603,"logger":"fallback-logger","caller":"logging/config.go:65","msg":"Fetch GitHub commit ID from kodata failed: open /var/run/ko/HEAD: no such file or directory"}
{"level":"info","ts":1554883782.1347694,"logger":"fallback-logger","caller":"bash/main.go:65","msg":"Successfully executed command \"mkdir -p /pvc/ci/workspace\""}
Step: build-step-source-copy-jenkins-x-**-pr-3583-lint-lnrdk:

{"level":"warn","ts":1554883783.1584196,"logger":"fallback-logger","caller":"logging/config.go:65","msg":"Fetch GitHub commit ID from kodata failed: open /var/run/ko/HEAD: no such file or directory"}
{"level":"info","ts":1554883784.6905873,"logger":"fallback-logger","caller":"bash/main.go:65","msg":"Successfully executed command \"cp -r /workspace/source/. /pvc/ci/workspace\""}
