Step: build-step-credential-initializer-4l87r:

{"level":"warn","ts":1554971315.2363615,"logger":"fallback-logger","caller":"logging/config.go:65","msg":"Fetch GitHub commit ID from kodata failed: \"ref: refs/heads/backport-container-name-fix\" is not a valid GitHub commit ID"}
{"level":"info","ts":1554971315.2535481,"logger":"fallback-logger","caller":"creds-init/main.go:40","msg":"Credentials initialized."}
Step: build-step-git-source-cloudbees-core-backend-pr-227-t-lq2lm:

{"level":"warn","ts":1554971316.841783,"logger":"fallback-logger","caller":"logging/config.go:65","msg":"Fetch GitHub commit ID from kodata failed: \"ref: refs/heads/backport-container-name-fix\" is not a valid GitHub commit ID"}
{"level":"info","ts":1554971319.3025086,"logger":"fallback-logger","caller":"git-init/main.go:99","msg":"Successfully cloned \"https://github.com/cloudbees/core-backend\" @ \"8bd3581d1c9938ce2e172533cb0f0960d7b681ed\" in path \"/workspace/source\""}
Step: build-step-place-tools:

Step: build-step-git-merge:

Warning failed to load version: failed to parse version -dev+548a93a-dev+981c48321: No Major.Minor.Patch elements found
Using SHAs from PULL_REFS=master:aaabbedd81d71b2895c9f12f965c45d7e5c2483b,227:8bd3581d1c9938ce2e172533cb0f0960d7b681ed
ran git fetch --unshallow origin 8bd3581d1c9938ce2e172533cb0f0960d7b681ed: aaabbedd81d71b2895c9f12f965c45d7e5c2483b: in 
ran git checkout master in 
ran git reset --hard aaabbedd81d71b2895c9f12f965c45d7e5c2483b in 
ran clean --force -d . in 
ran git merge 8bd3581d1c9938ce2e172533cb0f0960d7b681ed in 
Step: build-step-step2:

/builder/home/kaniko-secret.json
Step: build-step-step3:

/builder/home/core-dev-gke-sa.key.json
Step: build-step-warm-cache:

Step: build-step-step5:

Step: build-step-step6:

Step: build-step-step7:

Step: build-step-step8:

go: finding github.com/onsi/gomega v1.4.2
go: finding github.com/onsi/ginkgo v1.6.0
go: finding github.com/goadesign/goa v1.4.0
go: finding github.com/docker/spdystream v0.0.0-20181023171402-6480d4af844c
go: finding github.com/prometheus/common v0.2.0
go: finding github.com/kubernetes/dashboard v0.0.0-20171103152722-1f2007d1f8e6
go: finding github.com/jenkins-x/sonobuoy v0.11.7-0.20190318120422-253758214767
go: finding github.com/dimfeld/httptreemux v5.0.1+incompatible
go: finding github.com/stretchr/testify v1.3.0
go: finding k8s.io/client-go v2.0.0-alpha.0.0.20190115164855-701b91367003+incompatible
go: finding k8s.io/helm v2.7.2+incompatible
go: finding github.com/blang/semver v3.5.1+incompatible
go: finding github.com/julienschmidt/httprouter v1.2.0
go: finding github.com/modern-go/reflect2 v0.0.0-20180701023420-4b7aa43c6742
go: finding github.com/matttproud/golang_protobuf_extensions v1.0.1
go: finding golang.org/x/sys v0.0.0-20180909124046-d0be0721c37e
go: finding github.com/mitchellh/mapstructure v0.0.0-20180511142126-bb74f1db0675
go: finding gopkg.in/fsnotify.v1 v1.4.7
go: finding github.com/pborman/uuid v0.0.0-20170612153648-e790cca94e6c
go: finding gopkg.in/alecthomas/kingpin.v2 v2.2.6
go: finding github.com/kr/logfmt v0.0.0-20140226030751-b84e30acd515
go: finding github.com/hashicorp/go-version v0.0.0-20180322230233-23480c066577
go: finding github.com/ghodss/yaml v1.0.0
go: finding golang.org/x/net v0.0.0-20190107210223-45ffb0cd1ba0
go: finding k8s.io/api v0.0.0-20181128191700-6db15a15d2d3
go: finding github.com/pkg/errors v0.8.0
go: finding github.com/petergtz/pegomock v0.0.0-20181206220228-b113d17a7e81
go: finding github.com/gophercloud/gophercloud v0.0.0-20180629215909-9e34f4686044
go: finding github.com/google/btree v0.0.0-20180124185431-e89373fe6b4a
go: finding golang.org/x/oauth2 v0.0.0-20180620175406-ef147856a6dd
go: finding k8s.io/code-generator v0.0.0-20181017053441-8c97d6ab64da
go: finding github.com/onsi/ginkgo v1.5.0
go: finding gopkg.in/square/go-jose.v2 v2.2.2
go: finding github.com/go-stack/stack v1.8.0
go: finding github.com/pelletier/go-toml v1.2.0
go: finding github.com/json-iterator/go v0.0.0-20180701071628-ab8a2e0c74be
go: finding github.com/alecthomas/template v0.0.0-20160405071501-a0175ee3bccc
go: finding github.com/golang/glog v0.0.0-20160126235308-23def4e6c14b
go: finding github.com/gogo/protobuf v1.0.0
go: finding github.com/petar/GoLLRB v0.0.0-20130427215148-53be0d36a84c
go: finding golang.org/x/sys v0.0.0-20180627142611-7138fd3d9dc8
go: finding google.golang.org/appengine v1.1.0
go: finding github.com/spf13/pflag v1.0.1
go: finding github.com/jenkins-x/golang-jenkins v0.0.0-20180919102630-65b83ad42314
go: finding k8s.io/kube-openapi v0.0.0-20180719232738-d8ea2fe547a4
go: finding golang.org/x/net v0.0.0-20181114220301-adae6a3d119a
go: finding github.com/imdario/mergo v0.3.5
go: finding k8s.io/test-infra v0.0.0-20190131093439-a22cef183a8f
go: finding github.com/gorilla/context v1.1.1
go: finding github.com/golang/protobuf v1.2.0
go: finding github.com/spf13/jwalterweatherman v0.0.0-20180109140146-7c0cea34c8ec
go: finding github.com/hashicorp/golang-lru v0.5.0
go: finding github.com/alecthomas/units v0.0.0-20151022065526-2efee857e7cf
go: finding github.com/docker/spdystream v0.0.0-20170912183627-bc6354cbbc29
go: finding gopkg.in/AlecAivazis/survey.v1 v1.7.1
go: finding github.com/golang/protobuf v1.1.0
go: finding github.com/peterbourgon/diskv v2.0.1+incompatible
go: finding golang.org/x/text v0.3.0
go: finding github.com/davecgh/go-spew v1.1.0
go: finding github.com/Azure/go-autorest v10.12.0+incompatible
go: finding github.com/prometheus/procfs v0.0.0-20181005140218-185b4288413d
go: finding github.com/viniciuschiele/tarx v0.0.0-20151205142357-6e3da540444d
go: finding k8s.io/apiextensions-apiserver v0.0.0-20181128195303-1f84094d7e8e
go: finding cloud.google.com/go v0.24.0
go: finding github.com/prometheus/client_model v0.0.0-20180712105110-5c3871d89910
go: finding github.com/gogo/protobuf v1.1.1
go: finding github.com/fsnotify/fsnotify v1.4.7
go: finding github.com/magiconair/properties v1.8.0
go: finding github.com/gregjones/httpcache v0.0.0-20180305231024-9cad4c3443a7
go: finding golang.org/x/time v0.0.0-20180412165947-fbb02b2291d2
go: finding github.com/go-kit/kit v0.8.0
go: finding golang.org/x/sync v0.0.0-20181108010431-42b317875d0f
go: finding gopkg.in/inf.v0 v0.9.1
go: finding github.com/jmespath/go-jmespath v0.0.0-20180206201540-c2b33e8439af
go: finding github.com/stretchr/ob** v0.1.0
go: finding github.com/rifflock/lfshook v0.0.0-20180227222202-bf539943797a
go: finding github.com/hashicorp/hcl v0.0.0-20180404174102-ef8a98b0bbce
go: finding github.com/googleapis/gnostic v0.2.0
go: finding gopkg.in/yaml.v1 v1.0.0-20140924161607-9f9df34309c0
go: finding github.com/dgrijalva/jwt-go v3.2.0+incompatible
go: finding github.com/pmezard/go-difflib v1.0.0
go: finding k8s.io/gengo v0.0.0-20180718083919-906d99f89cd6
go: finding github.com/jenkins-x/** v1.3.1088
go: finding k8s.io/heapster v1.5.4
go: finding github.com/zach-klippenstein/goregen v0.0.0-20160303162051-795b5e3961ea
go: finding golang.org/x/crypto v0.0.0-20180621125126-a49355c7e3f8
go: finding github.com/manveru/faker v0.0.0-20171103152722-9fbc68a78c4d
go: finding github.com/spf13/viper v1.0.2
go: finding github.com/google/gofuzz v0.0.0-20170612174753-24818f796faf
go: finding k8s.io/metrics v0.0.0-20181128195641-3954d62a524d
go: finding github.com/go-logfmt/logfmt v0.3.0
go: finding github.com/satori/go.uuid v1.2.1-0.20180103174451-36e9d2ebbde5
go: finding github.com/modern-go/concurrent v0.0.0-20180306012644-bacd9c7ef1dd
go: finding golang.org/x/sync v0.0.0-20180314180146-1d60e4601c6f
go: finding golang.org/x/sys v0.0.0-20181116152217-5ac8a444bdc5
go: finding gopkg.in/tomb.v1 v1.0.0-20141024135613-dd632973f1e7
go: finding github.com/rifflock/lfshook v0.0.0-20180920164130-b9218ef580f5
go: finding github.com/mwitkow/go-conntrack v0.0.0-20161129095857-cc309e4a2223
go: finding github.com/jetstack/cert-manager v0.5.2
go: finding github.com/spf13/viper v1.3.1
go: finding github.com/flynn/go-shlex v0.0.0-20150515145356-3f9db97f8568
go: finding github.com/go-ldap/ldap v3.0.1+incompatible
go: finding github.com/andygrunwald/go-jira v1.5.0
go: finding github.com/spf13/cobra v0.0.3
go: finding github.com/hashicorp/go-version v0.0.0-20180716215031-270f2f71b1ee
go: finding github.com/pkg/errors v0.8.1
go: finding github.com/sirupsen/logrus v1.1.1
go: finding github.com/nwaples/rardecode v1.0.0
go: finding github.com/russross/blackfriday v1.5.1
go: finding github.com/mattn/go-sqlite3 v0.0.0-20160514122348-38ee283dabf1
go: finding github.com/xlab/handysort v0.0.0-20150421192137-fb3537ed64a1
go: finding github.com/PuerkitoBio/urlesc v0.0.0-20170810143723-de5bf2ad4578
go: finding github.com/Masterminds/semver v1.4.2
go: finding github.com/alcortesm/tgz v0.0.0-20161220082320-9c5fe88206d7
go: finding github.com/PuerkitoBio/purell v1.1.0
go: finding github.com/src-d/gcfg v1.3.0
go: finding github.com/go-openapi/jsonreference v0.0.0-20161105162150-36d33bfe519e
go: finding gopkg.in/src-d/go-git.v4 v4.5.0
go: finding github.com/golang/mock v1.1.1
go: finding github.com/ryanuber/go-glob v0.0.0-20170128012129-256dc444b735
go: finding code.gitea.io/sdk v0.0.0-20180702024448-79a281c4e34a
go: finding github.com/hashicorp/go-rootcerts v0.0.0-20160503143440-6bb64b370b90
go: finding github.com/knative/build-pipeline v0.1.0
go: finding github.com/BurntSushi/toml v0.3.0
go: finding github.com/antham/chyle v1.4.0
go: finding github.com/spf13/jwalterweatherman v1.0.0
go: finding github.com/armon/consul-api v0.0.0-20180202201655-eb2c6b5be1b6
go: finding github.com/sirupsen/logrus v1.2.0
go: finding github.com/andygrunwald/go-gerrit v0.0.0-20171029143327-95b11af228a1
go: finding github.com/rodaine/hclencoder v0.0.0-20180926060551-0680c4321930
go: finding github.com/google/uuid v1.0.0
go: finding github.com/hashicorp/vault v0.11.4
go: finding github.com/google/go-github v0.0.0-20170604030111-7a51fb928f52
go: finding github.com/knative/pkg v0.0.0-20190402181056-ff46edef0ae5
go: finding github.com/coreos/go-etcd v2.0.0+incompatible
go: finding github.com/asaskevich/govalidator v0.0.0-20180720115003-f9ffefc3facf
go: finding github.com/docker/go-units v0.3.2
go: finding github.com/coreos/go-semver v0.2.0
go: finding github.com/djherbis/atime v1.0.0
go: finding github.com/emicklei/go-restful v2.8.0+incompatible
go: finding google.golang.org/api v0.1.0
go: finding golang.org/x/net v0.0.0-20180906233101-161cd47e91fd
go: finding github.com/Masterminds/semver v1.3.1
go: finding github.com/xanzy/go-gitlab v0.0.0-20180814191223-f3bc634ab936
go: finding github.com/duosecurity/duo_api_golang v0.0.0-20190107154727-539434bf0d45
go: finding github.com/anmitsu/go-shlex v0.0.0-20161002113705-648efa622239
go: finding k8s.io/apimachinery v0.0.0-20190122181752-bebe27e40fb7
go: finding github.com/pierrec/lz4 v2.0.5+incompatible
go: finding github.com/elazarl/goproxy v0.0.0-20181111060418-2ce16c963a8a
go: finding github.com/SermoDigital/jose v0.9.1
go: finding github.com/imdario/mergo v0.3.6
go: finding github.com/knative/pkg v0.0.0-20181205230426-0e41760cea1d
go: finding github.com/mitchellh/go-homedir v0.0.0-20180523094522-3864e76763d9
go: finding github.com/xanzy/ssh-agent v0.2.0
go: finding github.com/google/go-containerregistry v0.0.0-20190317040536-ebbba8469d06
go: finding github.com/huandu/xstrings v1.0.0
go: finding github.com/bazelbuild/buildtools v0.0.0-20180226164855-80c7f0d45d7e
go: finding github.com/mattbaird/jsonpatch v0.0.0-20171005235357-81af80346b1a
go: finding github.com/lib/pq v1.0.0
go: finding github.com/aokoli/goutils v1.0.1
go: finding github.com/go-openapi/jsonpointer v0.0.0-20170102174223-779f45308c19
go: finding github.com/go-openapi/spec v0.0.0-20171219195406-fa03337d7da5
go: finding google.golang.org/genproto v0.0.0-20181202183823-bd91e49a0898
go: finding github.com/knative/serving v0.5.0
go: finding github.com/patrickmn/go-cache v2.1.0+incompatible
go: finding github.com/kevinburke/ssh_config v0.0.0-20180317175531-9fc7bb800b55
go: finding golang.org/x/oauth2 v0.0.0-20181203162652-d668ce993890
go: finding golang.org/x/crypto v0.0.0-20181015023909-0c41d7ab0a0e
go: finding github.com/sergi/go-diff v1.0.0
go: finding github.com/stretchr/testify v1.2.2
go: finding github.com/google/go-cmp v0.2.0
go: finding github.com/influxdata/influxdb v0.0.0-20161215172503-049f9b42e9a5
go: finding github.com/hashicorp/go-retryablehttp v0.0.0-20180718195005-e651d75abec6
go: finding k8s.io/code-generator v0.0.0-20180904193909-8c97d6ab64da
go: finding github.com/acarl005/stripansi v0.0.0-20180116102854-5a71ef0e047d
go: finding github.com/gfleury/go-bitbucket-v1 v0.0.0-20190216152406-3a732135aa4d
go: finding github.com/shirou/w32 v0.0.0-20160930032740-bb4de0191aa4
go: finding github.com/google/go-querystring v0.0.0-20150414214848-547ef5ac9797
go: finding github.com/docker/distribution v0.0.0-20170726174610-edc3ab29cdff
go: finding github.com/fsouza/fake-gcs-server v0.0.0-20180612165233-e85be23bdaa8
go: finding golang.org/x/crypto v0.0.0-20181203042331-505ab145d0a9
go: finding github.com/go-openapi/spec v0.17.1
go: finding golang.org/x/net v0.0.0-20181201002055-351d144fa1fc
go: finding github.com/mitchellh/mapstructure v0.0.0-20180715050151-f15292f7a699
go: finding github.com/bwmarrin/snowflake v0.0.0-20170221160716-02cc386c183a
go: finding gopkg.in/AlecAivazis/survey.v1 v1.6.2
go: finding github.com/google/go-querystring v0.0.0-20170111101155-53e6ce116135
go: finding github.com/mattn/go-zglob v0.0.0-20180607075734-49693fbb3fe3
go: finding gopkg.in/src-d/go-git-fixtures.v3 v3.3.0
go: finding github.com/opencontainers/runc v0.1.1
go: finding github.com/knative/build v0.2.0
go: finding github.com/danwakefield/fnmatch v0.0.0-20160403171240-cbb64ac3d964
go: finding github.com/gorilla/mux v1.6.2
go: finding golang.org/x/sync v0.0.0-20181221193216-37e7f081c4d4
go: finding google.golang.org/genproto v0.0.0-20181016170114-94acd270e44e
go: finding github.com/gophercloud/gophercloud v0.0.0-20181215224939-bdd8b1ecd793
go: finding github.com/ory/dockertest v3.3.4+incompatible
go: finding vbom.ml/util v0.0.0-20170409195630-256737ac55c4
go: finding github.com/alexflint/go-filemutex v0.0.0-20171028004239-d358565f3c3f
go: finding github.com/bmizerany/assert v0.0.0-20160611221934-b7ed37b82869
go: finding github.com/go-sql-driver/mysql v0.0.0-20160411075031-7ebe0a500653
go: finding github.com/docker/go-connections v0.3.0
go: finding github.com/google/go-github v17.0.0+incompatible
go: finding github.com/gotestyourself/gotestyourself v2.2.0+incompatible
go: finding github.com/xi2/xz v0.0.0-20171230120015-48954b6210f8
go: finding gopkg.in/h2non/gock.v0 v0.0.0-20160419120746-1baf36abac00
go: finding github.com/qor/inflection v0.0.0-20180308033659-04140366298a
go: finding gopkg.in/asn1-ber.v1 v1.0.0-20181015200546-f715ec2f112d
go: finding github.com/mholt/archiver v3.1.1+incompatible
go: finding github.com/denormal/go-gitignore v0.0.0-20180713143441-75ce8f3e513c
go: finding github.com/kballard/go-shellquote v0.0.0-20180428030007-95032a82bc51
go: finding gopkg.in/warnings.v0 v0.1.2
go: finding github.com/mgutz/ansi v0.0.0-20170206155736-9520e82c474b
go: finding github.com/beorn7/perks v0.0.0-20180321164747-3a771d992973
go: finding github.com/ianlancetaylor/demangle v0.0.0-20181102032728-5e5cf60278f6
go: finding github.com/cenkalti/backoff v2.0.0+incompatible
go: finding github.com/stoewer/go-strcase v1.0.1
go: finding golang.org/x/crypto v0.0.0-20180904163835-0709b304e793
go: finding github.com/go-openapi/jsonpointer v0.17.0
go: finding github.com/spf13/pflag v1.0.3
go: finding github.com/tidwall/gjson v1.1.0
go: finding github.com/wbrefvem/go-bitbucket v0.0.0-20190128183802-fc08fd046abb
go: finding github.com/satori/go.uuid v0.0.0-20160713180306-0aa62d5ddceb
go: finding github.com/chromedp/cdproto v0.0.0-20180720050708-57cf4773008d
go: finding github.com/google/uuid v1.1.0
go: finding github.com/jbrukh/bayesian v0.0.0-20161210175230-bf3f261f9a9c
go: finding k8s.io/kube-openapi v0.0.0-20180711000925-0cf8f7e6ed1d
go: finding github.com/aws/aws-sdk-go v1.17.10
go: finding gotest.tools v2.2.0+incompatible
go: finding github.com/Nvveen/Gotty v0.0.0-20120604004816-cd527374f1e5
go: finding github.com/denisenkom/go-mssqldb v0.0.0-20190111225525-2fea367d496d
go: finding github.com/kubernetes/kube-openapi v0.0.0-20190320154901-5e45bb682580
go: finding github.com/nbio/st v0.0.0-20140626010706-e9e8d9816f32
go: finding github.com/antham/strumt v0.0.0-20171215230529-6776189777d3
go: finding github.com/sethvargo/go-password v0.1.2
go: finding github.com/inconshreveable/mousetrap v1.0.0
go: finding github.com/mitchellh/go-testing-interface v1.0.0
go: finding github.com/shirou/gopsutil v0.0.0-20180901134234-eb1f1ab16f2e
go: finding google.golang.org/grpc v1.15.0
go: finding github.com/erikstmartin/go-testdb v0.0.0-20160219214506-8d10e4a1bae5
go: finding github.com/dsnet/compress v0.0.0-20171208185109-cc9eb1d7ad76
go: finding github.com/hashicorp/go-multierror v1.0.0
go: finding github.com/spf13/cast v1.2.0
go: finding google.golang.org/api v0.0.0-20181021000519-a2651947f503
go: finding github.com/go-ole/go-ole v1.2.1
go: finding github.com/mailru/easyjson v0.0.0-20180823135443-60711f1a8329
go: finding github.com/Azure/azure-storage-blob-go v0.0.0-20180507052152-66ba96e49ebb
go: finding k8s.io/klog v0.2.0
go: finding gopkg.in/robfig/cron.v2 v2.0.0-20150107220207-be2e0b0deed5
go: finding github.com/hpcloud/tail v1.0.0
go: finding google.golang.org/grpc v1.17.0
go: finding github.com/go-openapi/jsonreference v0.17.0
go: finding github.com/mattn/go-isatty v0.0.2
go: finding github.com/lusis/go-slackbot v0.0.0-20180109053408-401027ccfef5
go: finding github.com/googleapis/gnostic v0.1.0
go: finding golang.org/x/sys v0.0.0-20181205085412-a5c9d58dba9a
go: finding github.com/armon/go-metrics v0.0.0-20180917152333-f0300d1749da
go: finding github.com/containerd/continuity v0.0.0-20181203112020-004b46473808
go: finding github.com/banzaicloud/bank-vaults v0.0.0-20181129101211-e31657d7c4fe
go: finding github.com/emirpasic/gods v1.9.0
go: finding golang.org/x/net v0.0.0-20181005035420-146acd28ed58
go: finding github.com/c2h5oh/datasize v0.0.0-20171227191756-4eba002a5eae
go: finding golang.org/x/net v0.0.0-20181106065722-10aee1819953
go: finding github.com/google/pprof v0.0.0-20190309163659-77426154d546
go: finding github.com/fatih/color v1.7.0
go: finding gopkg.in/mgo.v2 v2.0.0-20180705113604-9856a29383ce
go: finding google.golang.org/genproto v0.0.0-20190219182410-082222b4a5c5
go: finding github.com/deckarep/golang-set v0.0.0-20171013212420-1d4478f51bed
go: finding github.com/lusis/slack-test v0.0.0-20180109053238-3c758769bfa6
go: finding sigs.k8s.io/yaml v1.1.0
go: finding github.com/davecgh/go-spew v1.1.1
go: finding golang.org/x/tools v0.0.0-20180828015842-6cd1fcedba52
go: finding github.com/hashicorp/hcl v1.0.0
go: finding github.com/tektoncd/pipeline v0.0.0-20190327171839-7c43fbae2816
go: finding github.com/stretchr/ob** v0.1.1
go: finding go.opencensus.io v0.18.0
go: finding github.com/beevik/etree v1.0.1
go: finding github.com/jinzhu/now v0.0.0-20181116074157-8ec929ed50c3
go: finding github.com/go-openapi/swag v0.0.0-20171111214437-cf0bdb963811
go: finding github.com/Netflix/go-expect v0.0.0-20180814212900-124a37274874
go: finding github.com/ugorji/go/codec v0.0.0-20181204163529-d75b2dcb6bc8
go: finding github.com/golang/lint v0.0.0-20180702182130-06c8688daad7
go: finding github.com/client9/misspell v0.3.4
go: finding github.com/konsorten/go-windows-terminal-sequences v1.0.1
go: finding github.com/tidwall/match v0.0.0-20171002075945-1731857f09b1
go: finding github.com/mattn/go-colorable v0.0.8
go: finding github.com/hashicorp/go-memdb v0.0.0-20181108192425-032f93b25bec
go: finding github.com/StackExchange/wmi v0.0.0-20180116203802-5d049714c4a6
go: finding github.com/Pallinder/go-randomdata v0.0.0-20180616180521-15df0648130a
go: finding github.com/Jeffail/gabs v1.1.1
go: finding github.com/Azure/azure-sdk-for-go v21.1.0+incompatible
go: finding github.com/SAP/go-hdb v0.13.2
go: finding github.com/IBM-Cloud/bluemix-go v0.0.0-20181008063305-d718d474c7c2
go: finding github.com/kisielk/gotool v1.0.0
go: finding github.com/keybase/go-crypto v0.0.0-20181127160227-255a5089e85a
go: finding github.com/kr/pty v1.1.2
go: finding google.golang.org/appengine v1.3.0
go: finding github.com/hashicorp/go-hclog v0.0.0-20190109152822-4783caec6f2e
go: finding github.com/sirupsen/logrus v1.0.5
go: finding cloud.google.com/go v0.26.0
go: finding github.com/kubernetes/code-generator v0.0.0-20180904193909-8c97d6ab64da
go: finding github.com/coreos/etcd v3.3.10+incompatible
go: finding github.com/konsorten/go-windows-terminal-sequences v0.0.0-20180402223658-b729f2633dfe
go: finding github.com/prometheus/client_golang v0.9.0
go: finding github.com/aws/aws-sdk-go v1.16.18
go: finding github.com/evanphx/json-patch v4.1.0+incompatible
go: finding google.golang.org/grpc v1.16.0
go: finding golang.org/x/exp v0.0.0-20190121172915-509febef88a4
go: finding github.com/hashicorp/go-plugin v0.0.0-20190129155509-362c99b11937
go: finding golang.org/x/sys v0.0.0-20180830151530-49385e6e1522
go: finding github.com/markbates/inflect v1.0.4
go: finding github.com/docker/docker v0.0.0-20171206114025-5e5fadb3c020
go: finding github.com/shurcooL/githubv4 v0.0.0-20180925043049-51d7b505e2e9
go: finding github.com/jenkins-x/draft-repo v0.0.0-20180417100212-2f66cc518135
go: finding google.golang.org/api v0.0.0-20180910000450-7ca32eb868bf
go: finding github.com/gobuffalo/envy v1.6.5
go: finding github.com/openzipkin/zipkin-go v0.1.1
go: finding gopkg.in/yaml.v2 v2.2.2
go: finding golang.org/x/arch v0.0.0-20190312162104-788fe5ffcd8c
go: finding github.com/grpc-ecosystem/grpc-gateway v1.5.0
go: finding google.golang.org/grpc v1.14.0
go: finding github.com/golang/snappy v0.0.0-20180518054509-2e65f85255db
go: finding github.com/sethgrid/pester v0.0.0-20180430140037-03e26c9abbbf
go: finding github.com/chromedp/chromedp v0.1.1
go: finding github.com/fatih/structs v1.0.0
go: finding golang.org/x/image v0.0.0-20180708004352-c73c2afc3b81
go: finding github.com/bitly/go-hostpool v0.0.0-20171023180738-a3a6125de932
go: finding github.com/prometheus/client_golang v0.9.1
go: finding github.com/aws/aws-k8s-tester v0.0.0-20190114231546-b411acf57dfe
go: finding github.com/trivago/tgo v1.0.1
go: finding github.com/go-openapi/swag v0.17.0
go: finding github.com/hashicorp/errwrap v0.0.0-20141028054710-7554cd9344ce
go: finding golang.org/x/sys v0.0.0-20190129075346-302c3dd5f1cc
go: finding github.com/prometheus/client_golang v0.8.0
go: finding golang.org/x/sys v0.0.0-20180905080454-ebe1bf3edb33
go: finding google.golang.org/genproto v0.0.0-20180817151627-c66870c02cf8
go: finding github.com/jbenet/go-context v0.0.0-20150711004518-d14ea06fba99
go: finding github.com/apache/thrift v0.0.0-20180902110319-2566ecd5d999
go: finding github.com/operator-framework/operator-sdk v0.0.0-20181011175812-913cbf711929
go: finding gopkg.in/yaml.v2 v2.2.1
go: finding github.com/spf13/pflag v0.0.0-20170508184408-e57e3eeb33f7
go: finding rsc.io/pdf v0.1.1
go: finding github.com/spf13/cobra v0.0.0-00000000000000-c46add8a6528
go: finding github.com/xordataexchange/crypt v0.0.3-0.20170626215501-b2862e3d0a77
go: finding github.com/Azure/go-autorest v10.15.5+incompatible
go: finding github.com/hashicorp/go-sockaddr v1.0.0
go: finding github.com/gorilla/sessions v1.1.3
go: finding k8s.io/utils v0.0.0-20181019225348-5e321f9a457c
go: finding golang.org/x/lint v0.0.0-20181026193005-c67002cb31c3
go: finding github.com/pelletier/go-buffruneio v0.2.0
go: finding k8s.io/test-infra v0.0.0-20181019233642-2e10a0bbe9b3
go: finding golang.org/x/sys v0.0.0-20190130150945-aca44879d564
go: finding github.com/knative/build v0.5.0
go: finding github.com/nlopes/slack v0.0.0-20180721202243-347a74b1ea30
go: finding go.uber.org/atomic v1.3.2
go: finding github.com/armon/go-radix v1.0.0
go: finding github.com/hashicorp/go-hclog v0.0.0-20180709165350-ff2cf002a8dd
go: finding github.com/spf13/cast v1.3.0
go: finding github.com/gregjones/httpcache v0.0.0-20160524185540-16db777d8ebe
go: finding github.com/gliderlabs/ssh v0.1.1
go: finding k8s.io/apiextensions-apiserver v0.0.0-20180621085152-bbc52469f98b
go: finding github.com/mailru/easyjson v0.0.0-20180606163543-3fdea8d05856
go: finding github.com/golang/groupcache v0.0.0-20180513044358-24b0969c4cb7
go: finding github.com/googleapis/gax-go v2.0.0+incompatible
go: finding gopkg.in/check.v1 v0.0.0-20161208181325-20d25e280405
go: finding github.com/MakeNowJust/heredoc v0.0.0-20171113091838-e9091a26100e
go: finding github.com/mitchellh/go-testing-interface v0.0.0-20171004221916-a61a99592b77
go: finding go.opencensus.io v0.17.0
go: finding github.com/mitchellh/ioprogress v0.0.0-20180201004757-6a23b12fa88e
go: finding github.com/oklog/run v1.0.0
go: finding github.com/joho/godotenv v1.3.0
go: finding github.com/fatih/color v1.5.0
go: finding golang.org/x/net v0.0.0-20180826012351-8a410e7b638d
go: finding github.com/shurcooL/go v0.0.0-20180423040247-9e1955d9fb6e
go: finding github.com/hashicorp/go-immutable-radix v1.0.0
go: finding gopkg.in/src-d/go-billy.v4 v4.2.0
go: finding golang.org/x/lint v0.0.0-20180702182130-06c8688daad7
go: finding k8s.io/kubernetes v1.11.3
go: finding github.com/google/martian v2.1.0+incompatible
go: finding github.com/prometheus/common v0.0.0-20181020173914-7e9e6cabbd39
go: finding github.com/gorilla/websocket v1.2.0
go: finding golang.org/x/oauth2 v0.0.0-20180821212333-d2e6202438be
go: finding github.com/hashicorp/go-multierror v0.0.0-20171204182908-b7773ae21874
go: finding github.com/inconshreveable/mousetrap v0.0.0-20141017200713-76626ae9c91c
go: finding github.com/hashicorp/yamux v0.0.0-20180604194846-3520598351bb
go: finding google.golang.org/appengine v1.2.0
go: finding github.com/gobwas/glob v0.2.3
go: finding github.com/json-iterator/go v1.1.5
go: finding github.com/Azure/draft v0.15.0
go: finding github.com/antham/envh v1.2.0
go: finding golang.org/x/net v0.0.0-20180724234803-3673e40ba225
go: finding golang.org/x/image v0.0.0-20180628062038-cc896f830ced
go: finding github.com/andygrunwald/go-gerrit v0.0.0-20181026193842-43cfd7a94eb4
go: finding go.etcd.io/etcd v0.0.0-20181031231232-83304cfc808c
go: finding github.com/codeship/codeship-go v0.0.0-20180717142545-7793ca823354
go: finding github.com/gorilla/securecookie v1.1.1
go: finding github.com/gocql/gocql v0.0.0-20190126123547-8516aabb0f99
go: finding github.com/dimfeld/httppath v0.0.0-20170720192232-ee938bf73598
go: finding github.com/opencontainers/image-spec v1.0.1
go: finding github.com/jefferai/jsonx v1.0.0
go: finding golang.org/x/sys v0.0.0-20181004145325-8469e314837c
go: finding github.com/prometheus/procfs v0.0.0-20180725123919-05ee40e3a273
go: finding github.com/hashicorp/errwrap v1.0.0
go: finding golang.org/x/net v0.0.0-20180702212446-ed29d75add3d
go: finding github.com/spf13/afero v1.1.1
go: finding github.com/go-yaml/yaml v2.1.0+incompatible
go: finding gopkg.in/src-d/go-git.v4 v4.1.1
go: finding github.com/pascaldekloe/goe v0.0.0-20180627143212-57f6aae5913c
go: finding github.com/opencontainers/go-digest v1.0.0-rc1
go: finding github.com/jinzhu/inflection v0.0.0-20151009084129-3272df6c21d0
go: finding github.com/elazarl/go-bindata-assetfs v1.0.0
go: finding github.com/Azure/go-ansiterm v0.0.0-20170929234023-d6e3b3328b78
go: finding github.com/chromedp/cdproto v0.0.0-20180703215205-c125a34ea3b3
go: finding github.com/hashicorp/golang-lru v0.0.0-20180201235237-0fb14efe8c47
go: finding github.com/ulikunitz/xz v0.5.6
go: finding github.com/hashicorp/go-uuid v1.0.0
go: finding github.com/modern-go/reflect2 v1.0.1
go: finding github.com/hashicorp/go-cleanhttp v0.5.0
go: finding github.com/shurcooL/graphql v0.0.0-20180924043259-e4a3a37e6d42
go: finding go.uber.org/zap v1.9.1
go: finding github.com/Azure/azure-pipeline-go v0.0.0-20180507050906-098e490af5dc
go: finding github.com/mailru/easyjson v0.0.0-20171120080333-32fa128f234d
go: finding github.com/hailocab/go-hostpool v0.0.0-20160125115350-e80d13ce29ed
go: finding github.com/Microsoft/go-winio v0.4.6
go: finding github.com/hashicorp/vault-plugin-secrets-kv v0.0.0-20190115203747-edbfe287c5d9
go: finding github.com/NYTimes/gziphandler v0.0.0-20160419202541-63027b26b87e
go: finding github.com/gorilla/websocket v0.0.0-20170926233335-4201258b820c
go: finding github.com/cpuguy83/go-md2man v1.0.8
go: finding github.com/go-test/deep v1.0.1
go: finding gopkg.in/gemnasium/logrus-airbrake-hook.v2 v2.1.2
go: finding github.com/mattn/go-colorable v0.0.9
go: finding github.com/golang/groupcache v0.0.0-20160516000752-02826c3e7903
go: finding github.com/jinzhu/gorm v0.0.0-20170316141641-572d0a0ab1eb
go: finding github.com/mattn/go-runewidth v0.0.2
go: finding github.com/hashicorp/go-uuid v1.0.1
go: finding github.com/pkg/browser v0.0.0-20170505125900-c90ca0c84f15
go: finding github.com/urfave/cli v1.18.0
go: finding golang.org/x/crypto v0.0.0-20180608092829-8ac0e0d97ce4
go: finding github.com/coreos/go-systemd v0.0.0-20180511133405-39ca1b05acc7
go: finding github.com/mitchellh/mapstructure v1.1.2
go: finding github.com/grpc-ecosystem/grpc-gateway v1.4.1
go: finding github.com/soheilhy/cmux v0.1.4
go: finding github.com/prometheus/common v0.0.0-20180801064454-c7de2306084e
go: finding github.com/imdario/mergo v0.0.0-20180119215619-163f41321a19
go: finding github.com/spf13/afero v1.1.2
go: finding github.com/Masterminds/sprig v0.0.0-20180403013413-6b2a58267f6a
go: finding honnef.co/go/tools v0.0.0-20180728063816-88497007e858
go: finding github.com/dustin/go-humanize v0.0.0-20171111073723-bb3d318650d4
go: finding github.com/prometheus/client_model v0.0.0-20170216185247-6f3806018612
go: finding github.com/iancoleman/orderedmap v0.0.0-20181121102841-22c6ecc9fe13
go: finding github.com/mattn/go-isatty v0.0.4
go: finding gopkg.in/cheggaaa/pb.v1 v1.0.25
go: finding cloud.google.com/go v0.30.0
go: finding github.com/dustin/go-humanize v1.0.0
go: finding gopkg.in/airbrake/gobrake.v2 v2.0.9
go: finding github.com/mitchellh/copystructure v1.0.0
go: finding github.com/ugorji/go v1.1.1
go: finding github.com/knq/sysutil v0.0.0-20180306023629-0218e141a794
go: finding github.com/bgentry/speakeasy v0.1.0
go: finding github.com/golang/snappy v0.0.0-20170215233205-553a64147049
go: finding github.com/grpc-ecosystem/go-grpc-prometheus v1.2.0
go: finding github.com/grpc-ecosystem/go-grpc-middleware v1.0.0
go: finding go.etcd.io/bbolt v1.3.1-etcd.7
go: finding gocloud.dev v0.9.0
go: finding github.com/kr/pty v1.0.0
go: finding github.com/jonboulle/clockwork v0.1.0
go: finding github.com/coreos/pkg v0.0.0-20160727233714-3ac0863d7acf
go: finding github.com/olekukonko/tablewriter v0.0.0-20170122224234-a0225b3f23b5
go: finding github.com/knative/build v0.1.2
go: finding github.com/tmc/grpc-websocket-proxy v0.0.0-20170815181823-89b8d40f7ca8
go: finding github.com/peterbourgon/diskv v0.0.0-20171120014656-2973218375c3
go: finding go.uber.org/multierr v1.1.0
go: finding github.com/prometheus/procfs v0.0.0-20180612222113-7d6f385de8be
go: finding github.com/prometheus/common v0.0.0-20180518154759-7600349dcfe1
go: finding golang.org/x/oauth2 v0.0.0-20181017192945-9dcd33a902f4
go: finding github.com/matttproud/golang_protobuf_extensions v1.0.0
go: finding github.com/disintegration/imaging v1.4.2
go: finding google.golang.org/genproto v0.0.0-20180831171423-11092d34479b
go: finding github.com/mitchellh/reflectwalk v1.0.0
go: finding google.golang.org/genproto v0.0.0-20180608181217-32ee49c4dd80
go: finding github.com/xiang90/probing v0.0.0-20160813154853-07dd2e8dfe18
go: finding github.com/hinshun/vt10x v0.0.0-20180809195222-d55458df857c
go: finding github.com/coreos/pkg v0.0.0-20180928190104-399ea9e2e55f
go: finding cloud.google.com/go v0.34.0
go: finding github.com/google/btree v0.0.0-20180813153112-4030bb1f1f0c
go: finding github.com/grpc-ecosystem/grpc-gateway v1.5.1
go: finding github.com/kr/pretty v0.1.0
go: finding github.com/Azure/azure-storage-blob-go v0.0.0-20181023070848-cf01652132cc
go: finding github.com/dnaeon/go-vcr v1.0.1
go: finding github.com/coreos/bbolt v1.3.1-coreos.6
go: finding contrib.go.opencensus.io/exporter/aws v0.0.0-20180906190126-dd54a7ef511e
go: finding golang.org/x/net v0.0.0-20181017193950-04a2e542c03f
go: finding github.com/go-sql-driver/mysql v1.4.0
go: finding google.golang.org/api v0.0.0-20181017004218-3f6e8463aa1d
go: finding gopkg.in/ini.v1 v1.39.0
go: finding github.com/coreos/go-systemd v0.0.0-20181012123002-c6f51f82210d
go: finding gopkg.in/check.v1 v1.0.0-20180628173108-788fd7840127
go: finding github.com/golang/groupcache v0.0.0-20180924190550-6f2cf27854a4
go: finding github.com/smartystreets/goconvey v0.0.0-20180222194500-ef6db91d284a
go: finding gopkg.in/pipe.v2 v2.0.0-20140414041502-3c2ca4d52544
go: finding golang.org/x/sys v0.0.0-20181011152604-fa43e7bc11ba
go: finding gopkg.in/check.v1 v1.0.0-20161208181325-20d25e280405
go: finding github.com/Azure/azure-pipeline-go v0.1.8
go: finding github.com/aws/aws-sdk-go v1.15.27
go: finding github.com/jtolds/gls v4.2.1+incompatible
go: finding contrib.go.opencensus.io/exporter/stackdriver v0.6.0
go: finding github.com/google/wire v0.2.0
go: finding github.com/aws/aws-sdk-go v1.15.57
go: finding github.com/ugorji/go/codec v0.0.0-20181012064053-8333dd449516
go: finding github.com/prometheus/common v0.0.0-20181015124227-bcb74de08d37
go: finding github.com/go-ini/ini v1.39.0
go: finding github.com/google/subcommands v0.0.0-20181012225330-46f0354f6315
go: finding github.com/gorilla/websocket v1.4.0
go: finding github.com/tmc/grpc-websocket-proxy v0.0.0-20171017195756-830351dc03c6
go: finding github.com/streadway/amqp v0.0.0-20181107104731-27835f1a64e9
go: finding github.com/kr/text v0.1.0
go: finding github.com/GoogleCloudPlatform/cloudsql-proxy v0.0.0-20181009230506-ac834ce67862
go: finding github.com/smartystreets/assertions v0.0.0-20180927180507-b2de0cb4f26d
go: finding contrib.go.opencensus.io/integrations/ocsql v0.1.2
go: finding golang.org/x/tools v0.0.0-20181017214349-06f26fdaaa28
go: finding go.opencensus.io v0.15.0
go: finding github.com/gopherjs/gopherjs v0.0.0-20181017120253-0766667cb4d1
go: finding github.com/kr/pty v1.1.1
go: finding github.com/jmespath/go-jmespath v0.0.0-20160202185014-0b12d6b521d8
go: finding github.com/go-ini/ini v1.25.4
go: downloading k8s.io/apimachinery v0.0.0-20190122181752-bebe27e40fb7
go: downloading github.com/jenkins-x/** v1.3.1088
go: downloading k8s.io/api v0.0.0-20181128191700-6db15a15d2d3
go: downloading k8s.io/client-go v2.0.0-alpha.0.0.20190115164855-701b91367003+incompatible
go: downloading github.com/goadesign/goa v1.4.0
go: downloading k8s.io/apiextensions-apiserver v0.0.0-20181128195303-1f84094d7e8e
go: downloading github.com/pkg/errors v0.8.1
go: downloading github.com/sirupsen/logrus v1.2.0
go: downloading github.com/onsi/gomega v1.4.2
go: downloading github.com/kubernetes/dashboard v0.0.0-20171103152722-1f2007d1f8e6
go: downloading github.com/gogo/protobuf v1.1.1
go: finding github.com/cloudbees/core-backend/pkg/schema latest
go: finding github.com/cloudbees/core-backend/pkg/swagger latest
go: downloading gopkg.in/AlecAivazis/survey.v1 v1.7.1
go: downloading github.com/knative/build v0.5.0
go: downloading github.com/beevik/etree v1.0.1
go: downloading github.com/banzaicloud/bank-vaults v0.0.0-20181129101211-e31657d7c4fe
go: downloading github.com/cenkalti/backoff v2.0.0+incompatible
go: downloading github.com/fatih/color v1.7.0
go: downloading github.com/golang/glog v0.0.0-20160126235308-23def4e6c14b
go: downloading golang.org/x/net v0.0.0-20190107210223-45ffb0cd1ba0
go: downloading github.com/go-openapi/jsonreference v0.17.0
go: downloading golang.org/x/time v0.0.0-20180412165947-fbb02b2291d2
go: downloading k8s.io/kube-openapi v0.0.0-20180719232738-d8ea2fe547a4
go: downloading github.com/jetstack/cert-manager v0.5.2
go: downloading github.com/mitchellh/mapstructure v1.1.2
go: downloading github.com/mattbaird/jsonpatch v0.0.0-20171005235357-81af80346b1a
go: downloading github.com/andygrunwald/go-gerrit v0.0.0-20181026193842-43cfd7a94eb4
go: downloading github.com/blang/semver v3.5.1+incompatible
go: downloading github.com/jenkins-x/sonobuoy v0.11.7-0.20190318120422-253758214767
go: downloading github.com/fatih/structs v1.0.0
go: downloading code.gitea.io/sdk v0.0.0-20180702024448-79a281c4e34a
go: downloading golang.org/x/crypto v0.0.0-20181203042331-505ab145d0a9
go: downloading github.com/onsi/ginkgo v1.6.0
go: downloading github.com/stoewer/go-strcase v1.0.1
go: downloading github.com/ghodss/yaml v1.0.0
go: downloading github.com/google/go-querystring v0.0.0-20170111101155-53e6ce116135
go: downloading github.com/json-iterator/go v1.1.5
go: downloading k8s.io/helm v2.7.2+incompatible
go: downloading k8s.io/metrics v0.0.0-20181128195641-3954d62a524d
go: downloading gopkg.in/square/go-jose.v2 v2.2.2
go: downloading github.com/prometheus/common v0.2.0
go: downloading github.com/emicklei/go-restful v2.8.0+incompatible
go: downloading github.com/go-openapi/jsonpointer v0.17.0
go: downloading github.com/spf13/pflag v1.0.3
go: downloading gopkg.in/inf.v0 v0.9.1
go: downloading gopkg.in/src-d/go-git.v4 v4.5.0
go: downloading gopkg.in/alecthomas/kingpin.v2 v2.2.6
go: downloading github.com/tektoncd/pipeline v0.0.0-20190327171839-7c43fbae2816
go: downloading github.com/mattn/go-isatty v0.0.4
go: downloading gocloud.dev v0.9.0
go: downloading github.com/dimfeld/httptreemux v5.0.1+incompatible
go: downloading github.com/modern-go/concurrent v0.0.0-20180306012644-bacd9c7ef1dd
go: downloading github.com/knative/pkg v0.0.0-20190402181056-ff46edef0ae5
go: downloading github.com/davecgh/go-spew v1.1.1
go: downloading github.com/BurntSushi/toml v0.3.0
go: downloading golang.org/x/oauth2 v0.0.0-20181203162652-d668ce993890
go: downloading gopkg.in/yaml.v1 v1.0.0-20140924161607-9f9df34309c0
go: downloading golang.org/x/text v0.3.0
go: downloading github.com/knative/serving v0.5.0
go: downloading github.com/satori/go.uuid v1.2.1-0.20180103174451-36e9d2ebbde5
go: downloading gopkg.in/yaml.v2 v2.2.2
go: downloading github.com/PuerkitoBio/purell v1.1.0
go: downloading github.com/alecthomas/units v0.0.0-20151022065526-2efee857e7cf
go: downloading github.com/sergi/go-diff v1.0.0
go: finding github.com/cloudbees/core-backend/pkg latest
go: downloading github.com/emirpasic/gods v1.9.0
go: downloading sigs.k8s.io/yaml v1.1.0
go: downloading github.com/jenkins-x/draft-repo v0.0.0-20180417100212-2f66cc518135
go: downloading github.com/evanphx/json-patch v4.1.0+incompatible
go: downloading github.com/mattn/go-colorable v0.0.9
go: downloading github.com/hashicorp/golang-lru v0.5.0
go: downloading github.com/denormal/go-gitignore v0.0.0-20180713143441-75ce8f3e513c
go: downloading github.com/wbrefvem/go-bitbucket v0.0.0-20190128183802-fc08fd046abb
go: downloading golang.org/x/sys v0.0.0-20190130150945-aca44879d564
go: downloading github.com/armon/go-metrics v0.0.0-20180917152333-f0300d1749da
go: downloading github.com/spf13/cobra v0.0.3
go: downloading github.com/chromedp/chromedp v0.1.1
go: downloading github.com/IBM-Cloud/bluemix-go v0.0.0-20181008063305-d718d474c7c2
go: downloading github.com/xanzy/go-gitlab v0.0.0-20180814191223-f3bc634ab936
go: downloading github.com/shirou/gopsutil v0.0.0-20180901134234-eb1f1ab16f2e
go: downloading github.com/imdario/mergo v0.3.6
go: downloading k8s.io/heapster v1.5.4
go: downloading github.com/stretchr/testify v1.3.0
go: downloading github.com/Masterminds/semver v1.4.2
go: downloading github.com/PuerkitoBio/urlesc v0.0.0-20170810143723-de5bf2ad4578
go: downloading github.com/chromedp/cdproto v0.0.0-20180720050708-57cf4773008d
go: downloading github.com/aws/aws-sdk-go v1.17.10
go: downloading github.com/kballard/go-shellquote v0.0.0-20180428030007-95032a82bc51
go: downloading github.com/sethvargo/go-password v0.1.2
go: downloading github.com/pmezard/go-difflib v1.0.0
go: downloading golang.org/x/sync v0.0.0-20181221193216-37e7f081c4d4
go: downloading github.com/codeship/codeship-go v0.0.0-20180717142545-7793ca823354
go: downloading github.com/pkg/browser v0.0.0-20170505125900-c90ca0c84f15
go: downloading github.com/gfleury/go-bitbucket-v1 v0.0.0-20190216152406-3a732135aa4d
go: downloading github.com/spf13/cast v1.3.0
go: downloading k8s.io/test-infra v0.0.0-20190131093439-a22cef183a8f
go: downloading github.com/mailru/easyjson v0.0.0-20180823135443-60711f1a8329
go: downloading github.com/google/go-cmp v0.2.0
go: downloading github.com/jmespath/go-jmespath v0.0.0-20180206201540-c2b33e8439af
go: downloading github.com/googleapis/gnostic v0.2.0
go: downloading github.com/operator-framework/operator-sdk v0.0.0-20181011175812-913cbf711929
go: downloading github.com/antham/chyle v1.4.0
go: downloading github.com/alexflint/go-filemutex v0.0.0-20171028004239-d358565f3c3f
go: downloading gopkg.in/src-d/go-billy.v4 v4.2.0
go: downloading github.com/gobwas/glob v0.2.3
go: downloading github.com/jbenet/go-context v0.0.0-20150711004518-d14ea06fba99
go: downloading github.com/mholt/archiver v3.1.1+incompatible
go: downloading github.com/pierrec/lz4 v2.0.5+incompatible
go: downloading github.com/jenkins-x/golang-jenkins v0.0.0-20180919102630-65b83ad42314
go: downloading github.com/go-openapi/swag v0.17.0
go: downloading github.com/golang/protobuf v1.2.0
go: downloading github.com/rifflock/lfshook v0.0.0-20180920164130-b9218ef580f5
go: downloading github.com/google/go-github v17.0.0+incompatible
go: downloading github.com/Azure/draft v0.15.0
go: downloading github.com/hashicorp/go-version v0.0.0-20180716215031-270f2f71b1ee
go: downloading cloud.google.com/go v0.34.0
go: downloading github.com/russross/blackfriday v1.5.1
go: downloading github.com/ulikunitz/xz v0.5.6
go: downloading github.com/google/gofuzz v0.0.0-20170612174753-24818f796faf
go: downloading github.com/hpcloud/tail v1.0.0
go: downloading github.com/iancoleman/orderedmap v0.0.0-20181121102841-22c6ecc9fe13
go: downloading github.com/Jeffail/gabs v1.1.1
go: downloading github.com/Azure/go-autorest v10.15.5+incompatible
go: downloading github.com/dgrijalva/jwt-go v3.2.0+incompatible
go: downloading github.com/spf13/viper v1.3.1
go: downloading github.com/modern-go/reflect2 v1.0.1
go: downloading github.com/c2h5oh/datasize v0.0.0-20171227191756-4eba002a5eae
go: downloading github.com/gorilla/mux v1.6.2
go: downloading gopkg.in/tomb.v1 v1.0.0-20141024135613-dd632973f1e7
go: downloading github.com/mgutz/ansi v0.0.0-20170206155736-9520e82c474b
go: downloading github.com/hashicorp/vault v0.11.4
go: downloading github.com/andygrunwald/go-jira v1.5.0
go: downloading github.com/cpuguy83/go-md2man v1.0.8
go: downloading github.com/magiconair/properties v1.8.0
go: downloading github.com/hashicorp/hcl v1.0.0
go: downloading github.com/gorilla/sessions v1.1.3
go: downloading github.com/mitchellh/go-homedir v0.0.0-20180523094522-3864e76763d9
go: downloading github.com/hashicorp/go-immutable-radix v1.0.0
go: downloading github.com/trivago/tgo v1.0.1
go: downloading github.com/google/go-containerregistry v0.0.0-20190317040536-ebbba8469d06
go: downloading github.com/manveru/faker v0.0.0-20171103152722-9fbc68a78c4d
go: downloading github.com/disintegration/imaging v1.4.2
go: downloading github.com/spf13/afero v1.1.2
go: downloading github.com/kevinburke/ssh_config v0.0.0-20180317175531-9fc7bb800b55
go: downloading github.com/knq/sysutil v0.0.0-20180306023629-0218e141a794
go: downloading github.com/googleapis/gax-go v2.0.0+incompatible
go: downloading google.golang.org/api v0.1.0
go: downloading github.com/google/wire v0.2.0
go: downloading github.com/danwakefield/fnmatch v0.0.0-20160403171240-cbb64ac3d964
go: downloading google.golang.org/grpc v1.17.0
go: downloading github.com/peterbourgon/diskv v2.0.1+incompatible
go: downloading github.com/src-d/gcfg v1.3.0
go: downloading github.com/zach-klippenstein/goregen v0.0.0-20160303162051-795b5e3961ea
go: downloading github.com/fsnotify/fsnotify v1.4.7
go: downloading github.com/MakeNowJust/heredoc v0.0.0-20171113091838-e9091a26100e
go: downloading github.com/pborman/uuid v0.0.0-20170612153648-e790cca94e6c
go: downloading github.com/dsnet/compress v0.0.0-20171208185109-cc9eb1d7ad76
go: downloading github.com/google/btree v0.0.0-20180813153112-4030bb1f1f0c
go: downloading gopkg.in/warnings.v0 v0.1.2
go: downloading gopkg.in/robfig/cron.v2 v2.0.0-20150107220207-be2e0b0deed5
go: downloading github.com/gregjones/httpcache v0.0.0-20180305231024-9cad4c3443a7
go: downloading github.com/golang/snappy v0.0.0-20180518054509-2e65f85255db
go: downloading github.com/pelletier/go-buffruneio v0.2.0
go: downloading github.com/xi2/xz v0.0.0-20171230120015-48954b6210f8
go: downloading golang.org/x/image v0.0.0-20180708004352-c73c2afc3b81
go: downloading github.com/nwaples/rardecode v1.0.0
go: downloading github.com/rodaine/hclencoder v0.0.0-20180926060551-0680c4321930
go: downloading github.com/gorilla/securecookie v1.1.1
go: downloading github.com/Azure/azure-pipeline-go v0.1.8
go: downloading github.com/google/uuid v1.1.0
go: downloading github.com/xanzy/ssh-agent v0.2.0
go: downloading github.com/gophercloud/gophercloud v0.0.0-20181215224939-bdd8b1ecd793
go: downloading github.com/Azure/azure-storage-blob-go v0.0.0-20181023070848-cf01652132cc
go: downloading github.com/dimfeld/httppath v0.0.0-20170720192232-ee938bf73598
go: downloading gopkg.in/fsnotify.v1 v1.4.7
go: downloading google.golang.org/genproto v0.0.0-20190219182410-082222b4a5c5
go: downloading github.com/spf13/jwalterweatherman v1.0.0
go: downloading github.com/gorilla/context v1.1.1
go: downloading github.com/Pallinder/go-randomdata v0.0.0-20180616180521-15df0648130a
go: downloading github.com/pelletier/go-toml v1.2.0
go: downloading github.com/gorilla/websocket v1.4.0
go: downloading github.com/prometheus/client_golang v0.9.1
go: downloading github.com/shurcooL/githubv4 v0.0.0-20180925043049-51d7b505e2e9
go: downloading github.com/viniciuschiele/tarx v0.0.0-20151205142357-6e3da540444d
go: downloading github.com/docker/spdystream v0.0.0-20181023171402-6480d4af844c
go: downloading github.com/nlopes/slack v0.0.0-20180721202243-347a74b1ea30
go: downloading github.com/prometheus/client_model v0.0.0-20180712105110-5c3871d89910
go: downloading go.opencensus.io v0.18.0
go: downloading github.com/shurcooL/graphql v0.0.0-20180924043259-e4a3a37e6d42
go: downloading github.com/prometheus/procfs v0.0.0-20181005140218-185b4288413d
go: downloading github.com/shurcooL/go v0.0.0-20180423040247-9e1955d9fb6e
go: downloading github.com/jbrukh/bayesian v0.0.0-20161210175230-bf3f261f9a9c
go: downloading github.com/alecthomas/template v0.0.0-20160405071501-a0175ee3bccc
go: downloading github.com/go-openapi/spec v0.17.1
go: downloading github.com/matttproud/golang_protobuf_extensions v1.0.1
go: downloading github.com/beorn7/perks v0.0.0-20180321164747-3a771d992973
go: downloading github.com/hashicorp/go-retryablehttp v0.0.0-20180718195005-e651d75abec6
go: downloading github.com/hashicorp/errwrap v1.0.0
go: downloading github.com/hashicorp/go-sockaddr v1.0.0
go: downloading github.com/hashicorp/go-cleanhttp v0.5.0
go: downloading github.com/hashicorp/go-multierror v1.0.0
go: downloading github.com/hashicorp/go-rootcerts v0.0.0-20160503143440-6bb64b370b90
go: downloading github.com/ryanuber/go-glob v0.0.0-20170128012129-256dc444b735
go: finding k8s.io/api v0.0.0-20190126160303-ccdd560a045f
go: finding k8s.io/client-go v9.0.0+incompatible
go: finding github.com/heptio/sonobuoy v0.12.0
go: finding k8s.io/metrics v0.0.0-20190205053707-d984453de47b
echo "Go version: 1.11.5"
Go version: 1.11.5
GO111MODULE=off go get -u github.com/goadesign/goa/goagen
GO111MODULE=off go get -u github.com/jteeuwen/go-bindata/go-bindata
goagen app -d github.com/cloudbees/core-backend/pkg/design -o pkg/controller
pkg/controller/app
pkg/controller/app/contexts.go
pkg/controller/app/controllers.go
pkg/controller/app/security.go
pkg/controller/app/hrefs.go
pkg/controller/app/media_types.go
pkg/controller/app/user_types.go
pkg/controller/app/test
pkg/controller/app/test/activity_testing.go
pkg/controller/app/test/builds_testing.go
pkg/controller/app/test/environment_apps_testing.go
pkg/controller/app/test/info_testing.go
pkg/controller/app/test/kubeproxy_testing.go
pkg/controller/app/test/kubeql_testing.go
pkg/controller/app/test/repositories_testing.go
pkg/controller/app/test/static_content_testing.go
pkg/controller/app/test/swagger_testing.go
pkg/controller/app/test/tag_testing.go
pkg/controller/app/test/team_testing.go
pkg/controller/app/test/user_testing.go
goagen controller -d github.com/cloudbees/core-backend/pkg/design -o pkg/controller/ --pkg controller --app-pkg app

goagen swagger -d github.com/cloudbees/core-backend/pkg/design -o pkg
pkg/swagger
pkg/swagger/swagger.json
pkg/swagger/swagger.yaml
goagen schema -d github.com/cloudbees/core-backend/pkg/design -o pkg
pkg/schema
pkg/schema/schema.json
GO111MODULE=off go get -d github.com/petergtz/pegomock/...
cd /workspace/source/go/src/github.com/petergtz/pegomock; git checkout master; git fetch origin; git branch -f ** b113d17a7e81; git checkout **; GO111MODULE=off go  install ./...
Already on 'master'
Your branch is up-to-date with 'origin/master'.
Switched to branch '**'
GO111MODULE=on GO15VENDOREXPERIMENT=1 go generate -run="pegomock" ./...
go: finding github.com/cloudbees/core-backend/pkg/schema latest
go: finding github.com/cloudbees/core-backend/pkg/swagger latest
go: finding github.com/cloudbees/core-backend/pkg latest
go-bindata \
	-o pkg/schema/bindata.go \
	-pkg schema \
	-prefix '' \
	-nocompress \
	pkg/schema
go-bindata \
	-o pkg/swagger/bindata.go \
	-pkg swagger \
	-prefix '' \
	-nocompress \
	pkg/swagger
CGO_ENABLED=0 GO111MODULE=on GO15VENDOREXPERIMENT=1 go build  -ldflags " -X github.com/cloudbees/core-backend/pkg/version.Version=1.0.1 -X github.com/cloudbees/core-backend/pkg/version.Revision=28d474f -X github.com/cloudbees/core-backend/pkg/version.Sha1=28d474f6c7889fa2311dbd182af8934ae2d9f211 -X github.com/cloudbees/core-backend/pkg/version.Branch='master' -X github.com/cloudbees/core-backend/pkg/version.BuildDate='20190411-08:32:38' -X github.com/cloudbees/core-backend/pkg/version.GoVersion='1.11.5'" -o build/core cmd/core/core.go
DISABLE_SSO=true CGO_ENABLED=0 GO111MODULE=on GO15VENDOREXPERIMENT=1 go test github.com/cloudbees/core-backend/cmd/core github.com/cloudbees/core-backend/cmd/core/app github.com/cloudbees/core-backend/pkg/apis/cloudbees.com github.com/cloudbees/core-backend/pkg/apis/cloudbees.com/v1 github.com/cloudbees/core-backend/pkg/apps github.com/cloudbees/core-backend/pkg/auth github.com/cloudbees/core-backend/pkg/caching github.com/cloudbees/core-backend/pkg/client/clientset/versioned github.com/cloudbees/core-backend/pkg/client/clientset/versioned/fake github.com/cloudbees/core-backend/pkg/client/clientset/versioned/scheme github.com/cloudbees/core-backend/pkg/client/clientset/versioned/typed/cloudbees.com/v1 github.com/cloudbees/core-backend/pkg/client/clientset/versioned/typed/cloudbees.com/v1/fake github.com/cloudbees/core-backend/pkg/client/informers/externalversions github.com/cloudbees/core-backend/pkg/client/informers/externalversions/cloudbees.com github.com/cloudbees/core-backend/pkg/client/informers/externalversions/cloudbees.com/v1 github.com/cloudbees/core-backend/pkg/client/informers/externalversions/internalinterfaces github.com/cloudbees/core-backend/pkg/client/listers/cloudbees.com/v1 github.com/cloudbees/core-backend/pkg/common github.com/cloudbees/core-backend/pkg/controller github.com/cloudbees/core-backend/pkg/controller/app github.com/cloudbees/core-backend/pkg/controller/app/test github.com/cloudbees/core-backend/pkg/core/cmd github.com/cloudbees/core-backend/pkg/design github.com/cloudbees/core-backend/pkg/jwt github.com/cloudbees/core-backend/pkg/kube github.com/cloudbees/core-backend/pkg/kubeql github.com/cloudbees/core-backend/pkg/log github.com/cloudbees/core-backend/pkg/nodes github.com/cloudbees/core-backend/pkg/version github.com/cloudbees/core-backend/scripts
?   	github.com/cloudbees/core-backend/cmd/core	[no test files]
?   	github.com/cloudbees/core-backend/cmd/core/app	[no test files]
?   	github.com/cloudbees/core-backend/pkg/apis/cloudbees.com	[no test files]
?   	github.com/cloudbees/core-backend/pkg/apis/cloudbees.com/v1	[no test files]
ok  	github.com/cloudbees/core-backend/pkg/apps	0.124s
?   	github.com/cloudbees/core-backend/pkg/auth	[no test files]
?   	github.com/cloudbees/core-backend/pkg/caching	[no test files]
?   	github.com/cloudbees/core-backend/pkg/client/clientset/versioned	[no test files]
?   	github.com/cloudbees/core-backend/pkg/client/clientset/versioned/fake	[no test files]
?   	github.com/cloudbees/core-backend/pkg/client/clientset/versioned/scheme	[no test files]
?   	github.com/cloudbees/core-backend/pkg/client/clientset/versioned/typed/cloudbees.com/v1	[no test files]
?   	github.com/cloudbees/core-backend/pkg/client/clientset/versioned/typed/cloudbees.com/v1/fake	[no test files]
?   	github.com/cloudbees/core-backend/pkg/client/informers/externalversions	[no test files]
?   	github.com/cloudbees/core-backend/pkg/client/informers/externalversions/cloudbees.com	[no test files]
?   	github.com/cloudbees/core-backend/pkg/client/informers/externalversions/cloudbees.com/v1	[no test files]
?   	github.com/cloudbees/core-backend/pkg/client/informers/externalversions/internalinterfaces	[no test files]
?   	github.com/cloudbees/core-backend/pkg/client/listers/cloudbees.com/v1	[no test files]
?   	github.com/cloudbees/core-backend/pkg/common	[no test files]
ok  	github.com/cloudbees/core-backend/pkg/controller	0.092s
?   	github.com/cloudbees/core-backend/pkg/controller/app	[no test files]
?   	github.com/cloudbees/core-backend/pkg/controller/app/test	[no test files]
?   	github.com/cloudbees/core-backend/pkg/core/cmd	[no test files]
?   	github.com/cloudbees/core-backend/pkg/design	[no test files]
ok  	github.com/cloudbees/core-backend/pkg/jwt	0.183s
?   	github.com/cloudbees/core-backend/pkg/kube	[no test files]
ok  	github.com/cloudbees/core-backend/pkg/kubeql	42.081s
?   	github.com/cloudbees/core-backend/pkg/log	[no test files]
?   	github.com/cloudbees/core-backend/pkg/nodes	[no test files]
?   	github.com/cloudbees/core-backend/pkg/version	[no test files]
?   	github.com/cloudbees/core-backend/scripts	[no test files]
Step: build-step-step9:

DISABLE_SSO=true CGO_ENABLED=0 GO111MODULE=on GO15VENDOREXPERIMENT=1 go test github.com/cloudbees/core-backend/cmd/core github.com/cloudbees/core-backend/cmd/core/app github.com/cloudbees/core-backend/pkg/apis/cloudbees.com github.com/cloudbees/core-backend/pkg/apis/cloudbees.com/v1 github.com/cloudbees/core-backend/pkg/apps github.com/cloudbees/core-backend/pkg/auth github.com/cloudbees/core-backend/pkg/caching github.com/cloudbees/core-backend/pkg/client/clientset/versioned github.com/cloudbees/core-backend/pkg/client/clientset/versioned/fake github.com/cloudbees/core-backend/pkg/client/clientset/versioned/scheme github.com/cloudbees/core-backend/pkg/client/clientset/versioned/typed/cloudbees.com/v1 github.com/cloudbees/core-backend/pkg/client/clientset/versioned/typed/cloudbees.com/v1/fake github.com/cloudbees/core-backend/pkg/client/informers/externalversions github.com/cloudbees/core-backend/pkg/client/informers/externalversions/cloudbees.com github.com/cloudbees/core-backend/pkg/client/informers/externalversions/cloudbees.com/v1 github.com/cloudbees/core-backend/pkg/client/informers/externalversions/internalinterfaces github.com/cloudbees/core-backend/pkg/client/listers/cloudbees.com/v1 github.com/cloudbees/core-backend/pkg/common github.com/cloudbees/core-backend/pkg/controller github.com/cloudbees/core-backend/pkg/controller/app github.com/cloudbees/core-backend/pkg/controller/app/test github.com/cloudbees/core-backend/pkg/core/cmd github.com/cloudbees/core-backend/pkg/design github.com/cloudbees/core-backend/pkg/jwt github.com/cloudbees/core-backend/pkg/kube github.com/cloudbees/core-backend/pkg/kubeql github.com/cloudbees/core-backend/pkg/log github.com/cloudbees/core-backend/pkg/nodes github.com/cloudbees/core-backend/pkg/schema github.com/cloudbees/core-backend/pkg/swagger github.com/cloudbees/core-backend/pkg/version github.com/cloudbees/core-backend/scripts
?   	github.com/cloudbees/core-backend/cmd/core	[no test files]
?   	github.com/cloudbees/core-backend/cmd/core/app	[no test files]
?   	github.com/cloudbees/core-backend/pkg/apis/cloudbees.com	[no test files]
?   	github.com/cloudbees/core-backend/pkg/apis/cloudbees.com/v1	[no test files]
ok  	github.com/cloudbees/core-backend/pkg/apps	(cached)
?   	github.com/cloudbees/core-backend/pkg/auth	[no test files]
?   	github.com/cloudbees/core-backend/pkg/caching	[no test files]
?   	github.com/cloudbees/core-backend/pkg/client/clientset/versioned	[no test files]
?   	github.com/cloudbees/core-backend/pkg/client/clientset/versioned/fake	[no test files]
?   	github.com/cloudbees/core-backend/pkg/client/clientset/versioned/scheme	[no test files]
?   	github.com/cloudbees/core-backend/pkg/client/clientset/versioned/typed/cloudbees.com/v1	[no test files]
?   	github.com/cloudbees/core-backend/pkg/client/clientset/versioned/typed/cloudbees.com/v1/fake	[no test files]
?   	github.com/cloudbees/core-backend/pkg/client/informers/externalversions	[no test files]
?   	github.com/cloudbees/core-backend/pkg/client/informers/externalversions/cloudbees.com	[no test files]
?   	github.com/cloudbees/core-backend/pkg/client/informers/externalversions/cloudbees.com/v1	[no test files]
?   	github.com/cloudbees/core-backend/pkg/client/informers/externalversions/internalinterfaces	[no test files]
?   	github.com/cloudbees/core-backend/pkg/client/listers/cloudbees.com/v1	[no test files]
?   	github.com/cloudbees/core-backend/pkg/common	[no test files]
ok  	github.com/cloudbees/core-backend/pkg/controller	(cached)
?   	github.com/cloudbees/core-backend/pkg/controller/app	[no test files]
?   	github.com/cloudbees/core-backend/pkg/controller/app/test	[no test files]
?   	github.com/cloudbees/core-backend/pkg/core/cmd	[no test files]
?   	github.com/cloudbees/core-backend/pkg/design	[no test files]
ok  	github.com/cloudbees/core-backend/pkg/jwt	(cached)
?   	github.com/cloudbees/core-backend/pkg/kube	[no test files]
ok  	github.com/cloudbees/core-backend/pkg/kubeql	(cached)
?   	github.com/cloudbees/core-backend/pkg/log	[no test files]
?   	github.com/cloudbees/core-backend/pkg/nodes	[no test files]
?   	github.com/cloudbees/core-backend/pkg/schema	[no test files]
?   	github.com/cloudbees/core-backend/pkg/swagger	[no test files]
?   	github.com/cloudbees/core-backend/pkg/version	[no test files]
?   	github.com/cloudbees/core-backend/scripts	[no test files]
Step: build-step-step10:

time="2019-04-11T08:37:25Z" level=info msg="Pipeline cache enabled: true" source="activity.go:24"
core is the command line tool for the core REST API

Usage:
  core [flags]
  core [command]

Available Commands:
  help        Help about any command
  run         Runs the core back end REST API
  sample      Samples the REST API output for easier documention or creating mock servers to develop UIs against

Flags:
  -h, --help   help for core

Use "core [command] --help" for more information about a command.
Step: build-step-step11:

[36mINFO[0m[0000] Downloading base image centos:7              
ERROR: logging before flag.Parse: E0411 08:37:26.822165      13 metadata.go:142] while reading 'google-dockercfg' metadata: http status code: 404 while fetching url http://metadata.google.internal./computeMetadata/v1/instance/attributes/google-dockercfg
ERROR: logging before flag.Parse: E0411 08:37:26.827478      13 metadata.go:159] while reading 'google-dockercfg-url' metadata: http status code: 404 while fetching url http://metadata.google.internal./computeMetadata/v1/instance/attributes/google-dockercfg-url
[36mINFO[0m[0001] Found sha256:ca58fe458b8d94bc6e3072f1cfbd334855858e05e1fd633aa07cf7f82b048e66 in local cache 
[36mINFO[0m[0002] Checking for cached layer gcr.io/jenkinsxio/cache-core:140a08979c84c92b0be49b99313520da59b4e2fd9aa124be1b0c25f11b22987f... 
[36mINFO[0m[0003] Using caching version of cmd: RUN curl -f -o ./endpoint-repo-1.7-1.x86_64.rpm https://packages.endpoint.com/rhel/7/os/x86_64/endpoint-repo-1.7-1.x86_64.rpm &&   rpm -Uvh endpoint-repo*rpm 
[36mINFO[0m[0003] Checking for cached layer gcr.io/jenkinsxio/cache-core:27a305fec55ee250f4b8969246758a278daba65f065db6e0ed99b1d874683fc9... 
[36mINFO[0m[0004] Using caching version of cmd: RUN yum install -y curl ca-certificates git tar && yum clean all 
[36mINFO[0m[0004] Checking for cached layer gcr.io/jenkinsxio/cache-core:050411a0de42221a0438c4ec075ddb7971cc0e8d99e2d97ee5638ebf661add4d... 
[36mINFO[0m[0005] Using caching version of cmd: RUN curl https://storage.googleapis.com/kubernetes-helm/helm-v${HELM_VERSION}-linux-amd64.tar.gz  | tar xzv &&   mv linux-amd64/helm /usr/bin/ &&   rm -rf linux-amd64 
[36mINFO[0m[0005] Checking for cached layer gcr.io/jenkinsxio/cache-core:62df0bf103bf880e501af4b3d18572936afb87f74a980048f3567d167351bc87... 
[36mINFO[0m[0006] Using caching version of cmd: RUN curl -L https://github.com/jstrachan/helm/releases/download/untagged-93375777c6644a452a64/helm-linux-amd64.tar.gz | tar xzv &&   mv helm /usr/bin/helm3 
[36mINFO[0m[0006] Checking for cached layer gcr.io/jenkinsxio/cache-core:fcb64e5eb729df2451596b68a932fb81ab2ad9bac282dd48befafaebd97de016... 
[36mINFO[0m[0007] Using caching version of cmd: RUN curl -L https://github.com/jstrachan/helm-tiller-release/releases/download/2.10.0/tiller.tar.gz | tar xzv &&   chmod +x tiller &&   mv tiller /usr/bin/ 
[36mINFO[0m[0007] Checking for cached layer gcr.io/jenkinsxio/cache-core:e045894322fb070f66cccd2209173723ff9d44a1cf7972f07171fdb71f419668... 
[36mINFO[0m[0008] Using caching version of cmd: RUN curl -LO https://storage.googleapis.com/kubernetes-release/release/$(curl -s https://storage.googleapis.com/kubernetes-release/release/stable.txt)/bin/linux/amd64/kubectl &&   chmod +x kubectl &&   mv kubectl /usr/bin/ 
[36mINFO[0m[0008] Using files from context: [/workspace/source/go/src/github.com/cloudbees/core-backend/build/core] 
[36mINFO[0m[0008] Skipping unpacking as no commands require it. 
[36mINFO[0m[0008] Taking snapshot of full filesystem...        
[36mINFO[0m[0008] RUN curl -f -o ./endpoint-repo-1.7-1.x86_64.rpm https://packages.endpoint.com/rhel/7/os/x86_64/endpoint-repo-1.7-1.x86_64.rpm &&   rpm -Uvh endpoint-repo*rpm 
[36mINFO[0m[0008] Found cached layer, extracting to filesystem 
[36mINFO[0m[0009] Taking snapshot of files...                  
[36mINFO[0m[0010] RUN yum install -y curl ca-certificates git tar && yum clean all 
[36mINFO[0m[0010] Found cached layer, extracting to filesystem 
[36mINFO[0m[0012] Taking snapshot of files...                  
[36mINFO[0m[0016] ENV HELM_VERSION 2.10.0                      
[36mINFO[0m[0016] No files changed in this command, skipping snapshotting. 
[36mINFO[0m[0016] RUN curl https://storage.googleapis.com/kubernetes-helm/helm-v${HELM_VERSION}-linux-amd64.tar.gz  | tar xzv &&   mv linux-amd64/helm /usr/bin/ &&   rm -rf linux-amd64 
[36mINFO[0m[0016] Found cached layer, extracting to filesystem 
[36mINFO[0m[0017] Taking snapshot of files...                  
[36mINFO[0m[0018] RUN curl -L https://github.com/jstrachan/helm/releases/download/untagged-93375777c6644a452a64/helm-linux-amd64.tar.gz | tar xzv &&   mv helm /usr/bin/helm3 
[36mINFO[0m[0018] Found cached layer, extracting to filesystem 
[36mINFO[0m[0019] Taking snapshot of files...                  
[36mINFO[0m[0020] RUN curl -L https://github.com/jstrachan/helm-tiller-release/releases/download/2.10.0/tiller.tar.gz | tar xzv &&   chmod +x tiller &&   mv tiller /usr/bin/ 
[36mINFO[0m[0020] Found cached layer, extracting to filesystem 
[36mINFO[0m[0022] Taking snapshot of files...                  
[36mINFO[0m[0023] RUN curl -LO https://storage.googleapis.com/kubernetes-release/release/$(curl -s https://storage.googleapis.com/kubernetes-release/release/stable.txt)/bin/linux/amd64/kubectl &&   chmod +x kubectl &&   mv kubectl /usr/bin/ 
[36mINFO[0m[0023] Found cached layer, extracting to filesystem 
[36mINFO[0m[0024] Taking snapshot of files...                  
[36mINFO[0m[0026] ENTRYPOINT ["/core", "run"]                  
[36mINFO[0m[0026] No files changed in this command, skipping snapshotting. 
[36mINFO[0m[0026] Using files from context: [/workspace/source/go/src/github.com/cloudbees/core-backend/build/core] 
[36mINFO[0m[0026] COPY ./build/core /                          
[36mINFO[0m[0026] Taking snapshot of files...                  
2019/04/11 08:37:56 existing blob: sha256:8ba884070f611d31cb2c42eddb691319dc9facf5e0ec67672fcfa135181ab3df
2019/04/11 08:37:56 existing blob: sha256:05f3bce39600172679c5f037760f60130e816d0966187e1416d51571bb467c9b
2019/04/11 08:37:57 pushed blob: sha256:aebf9e685f20152484bdf2337c0209a51478a543f80ceb5252d03af59c9581b4
2019/04/11 08:37:59 pushed blob: sha256:23889783d3148f6afcf462790ad5a79026a877ca770430aac7d312c7af4b9e73
2019/04/11 08:38:00 pushed blob: sha256:9d7541417e57d1b9da15ceaa084ed36009a844d107d0c9a9a7af9163fe3c7088
2019/04/11 08:38:00 pushed blob: sha256:c35bbcc4108ecbb29bedb4d11d526f22fe6f72ac5d8f490576eb0cfa15606b75
2019/04/11 08:38:00 pushed blob: sha256:e80b508330e3b7be0e3915c33426f830ea35656e77a6bb8885815bac6448b8b2
2019/04/11 08:38:02 pushed blob: sha256:04e889d35b0962da6f68a9fb2306624cefda4c15d9a90ab7a79004a15100ec66
2019/04/11 08:38:03 pushed blob: sha256:971063ce64bb0c74499c714b6276fa7e0275bc2614cb4dfc520d73fddb89038e
2019/04/11 08:38:03 index.docker.io/jenkinsxio/core-backend:0.0.0-SNAPSHOT-PR-227-2: digest: sha256:4e4a70039b70d589a2b4af566ec48ac456872474244aac3d11b87bca1494964a size: 1583
Step: build-step-step12:

setup kube context and git
Activated service account credentials for: [core-dev-gke-sa@core-dev-1.iam.gserviceaccount.com]
Fetching cluster endpoint and auth data.
kubeconfig entry generated for birdmire-ckcd-e2e.
Using namespace '**' from context named 'gke_core-dev-1_europe-west1-b_birdmire-ckcd-e2e' on server 'https://34.76.193.156'.
** version: 1.3.1008
helm init --client-only
Creating /builder/home/.helm 
Creating /builder/home/.helm/repository 
Creating /builder/home/.helm/repository/cache 
Creating /builder/home/.helm/repository/local 
Creating /builder/home/.helm/plugins 
Creating /builder/home/.helm/starters 
Creating /builder/home/.helm/cache/archive 
Creating /builder/home/.helm/repository/repositories.yaml 
Adding stable repo with URL: https://kubernetes-charts.storage.googleapis.com 
Adding local repo with URL: http://127.0.0.1:8879/charts 
$HELM_HOME has been configured at /builder/home/.helm.
Not installing Tiller due to 'client-only' flag having been set
Happy Helming!
helm repo add chartmuseum http://chartmuseum.jenkins-x.io
"chartmuseum" has been added to your repositories
sed -i -e "s/version:.*/version: 0.0.0-SNAPSHOT-PR-227-2/" ./Chart.yaml
sed -i -e "s/repository: .*/repository: docker.io\/jenkinsxio\/core-backend/" ./values.yaml
sed -i -e "s/tag: .*/tag: 0.0.0-SNAPSHOT-PR-227-2/" ./values.yaml
sed -i -e "s/<CORE_BACKEND_VERSION>/0.0.0-SNAPSHOT-PR-227-2/" requirements.yaml
helm dependency build
Hang tight while we grab the latest from your chart repositories...
...Unable to get an update from the "local" chart repository (http://127.0.0.1:8879/charts):
	Get http://127.0.0.1:8879/charts/index.yaml: dial tcp 127.0.0.1:8879: connect: connection refused
...Successfully got an update from the "chartmuseum" chart repository
...Successfully got an update from the "stable" chart repository
Update Complete. Happy Helming!
Saving 2 charts
Downloading exposecontroller from repo http://chartmuseum.jenkins-x.io
Downloading exposecontroller from repo http://chartmuseum.jenkins-x.io
Deleting outdated charts
helm lint
==> Linting .
Lint OK

1 chart(s) linted, no failures
-------------------------------------------
# Default values for core-backend.
# This is a YAML-formatted file.
# Declare variables to be passed into your templates.
replicaCount: 1
image:
  repository: docker.io/jenkinsxio/core-backend
  tag: 0.0.0-SNAPSHOT-PR-227-2
  pullPolicy: Always
service:
  name: core-backend
  type: ClusterIP
  externalPort: 80
  internalPort: 8080
  serviceAnnotations:
    fabric8.io/expose: "true"
liveness:
  periodSeconds: 30
  timeoutSeconds: 5
readiness:
  periodSeconds: 30
  timeoutSeconds: 5

resources:
  # We usually recommend not to specify default resources and to leave this as a conscious
  # choice for the user. This also increases chances charts run on environments with little
  # resources, such as Minikube. If you do want to specify resources, uncomment the following
  # lines, adjust them as necessary, and remove the curly braces after 'resources:'.
  limits:
    cpu: 100m
    memory: 128Mi
  requests:
    cpu: 100m
    memory: 128Mi

expose:
  Annotations:
    helm.sh/hook: post-install,post-upgrade
    helm.sh/hook-delete-policy: hook-succeeded
  config:
    domain: 35.187.166.60.nip.io
    exposer: Ingress
    http: true
    tlsacme: false

cleanup:
  Args:
    - --cleanup
  Annotations:
    helm.sh/hook: pre-delete
    helm.sh/hook-delete-policy: hook-succeeded

-------------------------------------------
$HELM_HOME has been configured at /builder/home/.helm.

Tiller (the Helm server-side component) has been upgraded to the current version.
Happy Helming!
Created user ************* API Token for Git server GitHub at https://github.com
Creating a preview
Commit author email is empty for: f896dc251aa6a24acd4b9d6319bf8747740201a8
Looking for commits in: /workspace/source/go/src/github.com/cloudbees/core-backend/
Commit author email is empty for: 482449c2127aa61196a63a5055abafa89609a5b2
Looking for commits in: /workspace/source/go/src/github.com/cloudbees/core-backend/
Commit author email is empty for: d2d29eb4be08d91784b58d532f0472dd8fc65ce4
Looking for commits in: /workspace/source/go/src/github.com/cloudbees/core-backend/
Commit author email is empty for: a06ffe9c71d8e6463051f164f399044b73fd2595
Looking for commits in: /workspace/source/go/src/github.com/cloudbees/core-backend/
Commit author email is empty for: 825b12f60c5ffa92e73b78c5a9633830fe73df83
Looking for commits in: /workspace/source/go/src/github.com/cloudbees/core-backend/
Commit author email is empty for: 81eb8759ed6d95bf7141a23caf0594f2e2054e5a
Looking for commits in: /workspace/source/go/src/github.com/cloudbees/core-backend/
Commit author email is empty for: 1f767838393c4a37647661eadade15a30acdfb69
Looking for commits in: /workspace/source/go/src/github.com/cloudbees/core-backend/
Commit author email is empty for: 42bec78989acb217aaf58075a6b1eabb82d31101
Looking for commits in: /workspace/source/go/src/github.com/cloudbees/core-backend/
Commit author email is empty for: ca8a0670d28a9a97c8a488d32126cd6b91c573a4
Looking for commits in: /workspace/source/go/src/github.com/cloudbees/core-backend/
Commit author email is empty for: 5cfda366f2ab2cb4246d9e5b6ee232aabfa44431
Looking for commits in: /workspace/source/go/src/github.com/cloudbees/core-backend/
Commit author email is empty for: f19a10e919c8e5b4b7a45808625c35e5c1e3404b
Looking for commits in: /workspace/source/go/src/github.com/cloudbees/core-backend/
Commit author email is empty for: ef2ce48096206b1f5cd3335938331baa6a3daab6
Looking for commits in: /workspace/source/go/src/github.com/cloudbees/core-backend/
Commit author email is empty for: 1bcfbc80a6cd84bc69e0e3f6b3bf6eb85498d2c2
Looking for commits in: /workspace/source/go/src/github.com/cloudbees/core-backend/
Commit author email is empty for: 1f72a13fab5b3af85c28263c0e9c2e759f20881a
Looking for commits in: /workspace/source/go/src/github.com/cloudbees/core-backend/
Commit author email is empty for: 9d180f71bdfc834b1bead404e5edd8c442c18c7d
Looking for commits in: /workspace/source/go/src/github.com/cloudbees/core-backend/
Commit author email is empty for: ab9b66c11845d35cf34523970f3fba7dd50b0cd4
Looking for commits in: /workspace/source/go/src/github.com/cloudbees/core-backend/
Commit author email is empty for: d0321c9d8072da8fd6b0d0e013af414b6dbe5145
Looking for commits in: /workspace/source/go/src/github.com/cloudbees/core-backend/
Commit author email is empty for: 3776cac4d23be0ffb56e6a6b8cdd991363fef844
Looking for commits in: /workspace/source/go/src/github.com/cloudbees/core-backend/
Commit author email is empty for: 350e0a8a4750f77a5964ddc99afaeb5cc51f2703
Looking for commits in: /workspace/source/go/src/github.com/cloudbees/core-backend/
Commit author email is empty for: 5da14697969ac9ef9e4cf5aadf8547898590f03f
Looking for commits in: /workspace/source/go/src/github.com/cloudbees/core-backend/
Commit author email is empty for: 0d710d4ee7121054b661d8d4392bac201462a033
Looking for commits in: /workspace/source/go/src/github.com/cloudbees/core-backend/
Commit author email is empty for: 1426c917b1cc4a7e49ebacea94dbcb1b7859153a
Looking for commits in: /workspace/source/go/src/github.com/cloudbees/core-backend/
Commit author email is empty for: eaa1c062beb5c1db3e325ef57f6ae7f407d02da5
Looking for commits in: /workspace/source/go/src/github.com/cloudbees/core-backend/
Commit author email is empty for: dfff7a613b4d3a33b189cb85ab237c9d77c2cb28
Looking for commits in: /workspace/source/go/src/github.com/cloudbees/core-backend/
Commit author email is empty for: b05f22bb72b8e5fd9653a01bd43fafd9675438be
Looking for commits in: /workspace/source/go/src/github.com/cloudbees/core-backend/
Commit author email is empty for: 8bd3581d1c9938ce2e172533cb0f0960d7b681ed
Looking for commits in: /workspace/source/go/src/github.com/cloudbees/core-backend/
Found commit author match for: garethjevans with email address: gareth@bryncynfelin.co.uk
expose:
  Annotations:
    helm.sh/hook: post-install,post-upgrade
    helm.sh/hook-delete-policy: hook-succeeded
  config:
    domain: ckcd-e2e.ddnsfree.com
    exposer: Ingress
    http: "true"
preview:
  image:
    repository: docker.io/jenkinsxio/core-backend
    tag: 0.0.0-SNAPSHOT-PR-227-2
Failed to update PipelineActivities cloudbees-core-backend-pr-227-2: the namespace of the object (**-cloudbees-core-backend-pr-227) does not match the namespace on the request (**)
Preview application is now available at: http://preview.**-cloudbees-core-backend-pr-227.ckcd-e2e.ddnsfree.com

Generating test user token
CGO_ENABLED=0 GO111MODULE=on GO15VENDOREXPERIMENT=1 go run scripts/setup-e2e-test-user.go
Loading kube config: /workspace/source/my-kube-context/context
ServiceAccount 'fake-testing-user' already exists in namespace '**'
ClusterRoleBinding 'fake-testing-user' already exists
Found issuer https://dex.sso.ckcd-e2e.ddnsfree.com
Encoding JSON Data:
{"aud":"fake-testing-audience","email":"testing@beescloud.com","email_verified":true,"exp":2524608000,"federated_claims":{"connector_id":"github","user_id":"fake-testing-user"},"iat":1,"iss":"https://dex.sso.ckcd-e2e.ddnsfree.com","name":"Testing Account","sub":"github/fake-testing-user"}

Loading kube config: /workspace/source/my-kube-context/context
JWT (access token) createdsecret e2e-test-access-token already exists in namespace **, updating it
secret e2e-test-access-token created or updated in namespace **
Running End to End tests
Running tests against - http://preview.**-cloudbees-core-backend-pr-227.ckcd-e2e.ddnsfree.com
CGO_ENABLED=0 GO111MODULE=on GO15VENDOREXPERIMENT=1 go test github.com/cloudbees/core-backend/e2e -v -timeout 15m
=== RUN   TestBdd
Running Suite: End to End Suite
===============================
Random Seed: [1m1554971993[0m
Will run [1m6[0m of [1m6[0m specs

time="2019-04-11T08:39:53Z" level=info msg="Creating team core-e2e-pr-227-2"
time="2019-04-11T08:39:54Z" level=info msg="Team core-e2e-pr-227-2 created, waiting for it to be ready..."
time="2019-04-11T08:39:54Z" level=info msg="Checking if team has been provisioned successfully"
time="2019-04-11T08:39:59Z" level=info msg="Checking if team has been provisioned successfully"
time="2019-04-11T08:40:04Z" level=info msg="Checking if team has been provisioned successfully"
time="2019-04-11T08:40:09Z" level=info msg="Checking if team has been provisioned successfully"
time="2019-04-11T08:40:14Z" level=info msg="Checking if team has been provisioned successfully"
time="2019-04-11T08:40:20Z" level=info msg="Checking if team has been provisioned successfully"
time="2019-04-11T08:40:26Z" level=info msg="Checking if team has been provisioned successfully"
time="2019-04-11T08:40:31Z" level=info msg="Checking if team has been provisioned successfully"
time="2019-04-11T08:40:37Z" level=info msg="Checking if team has been provisioned successfully"
time="2019-04-11T08:40:42Z" level=info msg="Checking if team has been provisioned successfully"
time="2019-04-11T08:40:50Z" level=info msg="Checking if team has been provisioned successfully"
time="2019-04-11T08:40:55Z" level=info msg="Checking if team has been provisioned successfully"
time="2019-04-11T08:41:00Z" level=info msg="Checking if team has been provisioned successfully"
time="2019-04-11T08:41:05Z" level=info msg="Checking if team has been provisioned successfully"
time="2019-04-11T08:41:11Z" level=info msg="Checking if team has been provisioned successfully"
time="2019-04-11T08:41:16Z" level=info msg="Checking if team has been provisioned successfully"
time="2019-04-11T08:41:21Z" level=info msg="Checking if team has been provisioned successfully"
time="2019-04-11T08:41:26Z" level=info msg="Checking if team has been provisioned successfully"
time="2019-04-11T08:41:32Z" level=info msg="Checking if team has been provisioned successfully"
time="2019-04-11T08:41:37Z" level=info msg="Checking if team has been provisioned successfully"
time="2019-04-11T08:41:42Z" level=info msg="Team provisioning complete"
time="2019-04-11T08:41:42Z" level=info msg="Http request: GET | http://preview.**-cloudbees-core-backend-pr-227.ckcd-e2e.ddnsfree.com/api/v1/teams/core-e2e-pr-227-2/environments"
[32m[0mtime="2019-04-11T08:41:44Z" level=info msg="Http request: GET | http://preview.**-cloudbees-core-backend-pr-227.ckcd-e2e.ddnsfree.com/api/v1/teams/core-e2e-pr-227-2/environments/staging"
[32m[0mtime="2019-04-11T08:41:44Z" level=info msg="Http request: GET | http://preview.**-cloudbees-core-backend-pr-227.ckcd-e2e.ddnsfree.com/api/v1/teams/core-e2e-pr-227-2/environments/non-existing-env"
[32m[0mtime="2019-04-11T08:41:44Z" level=info msg="Http request: GET | http://preview.**-cloudbees-core-backend-pr-227.ckcd-e2e.ddnsfree.com/api/v1/teams/**/connect"
[32m[0mtime="2019-04-11T08:41:45Z" level=info msg="Http request: GET | http://preview.**-cloudbees-core-backend-pr-227.ckcd-e2e.ddnsfree.com/api/v1/teams"
[32m[0mtime="2019-04-11T08:41:45Z" level=info msg="Http request: GET | http://preview.**-cloudbees-core-backend-pr-227.ckcd-e2e.ddnsfree.com/api/v1/teams/core-e2e-pr-227-2"
[32m[0mtime="2019-04-11T08:41:45Z" level=info msg="Deleting team core-e2e-pr-227-2"
time="2019-04-11T08:42:07Z" level=info msg="Team core-e2e-pr-227-2 deleted"

[1m[32mRan 6 of 6 Specs in 133.702 seconds[0m
[1m[32mSUCCESS![0m -- [32m[1m6 Passed[0m | [91m[1m0 Failed[0m | [33m[1m0 Pending[0m | [36m[1m0 Skipped[0m
--- PASS: TestBdd (133.70s)
PASS
ok  	github.com/cloudbees/core-backend/e2e	133.710s
Step: build-step-source-mkdir-cloudbees-core-backend-pr-227-t-m5qxb:

{"level":"warn","ts":1554972128.942323,"logger":"fallback-logger","caller":"logging/config.go:65","msg":"Fetch GitHub commit ID from kodata failed: open /var/run/ko/HEAD: no such file or directory"}
{"level":"info","ts":1554972128.974834,"logger":"fallback-logger","caller":"bash/main.go:65","msg":"Successfully executed command \"mkdir -p /pvc/build-and-push/workspace\""}
Step: build-step-source-copy-cloudbees-core-backend-pr-227-t-98r7k:

{"level":"warn","ts":1554972130.0396755,"logger":"fallback-logger","caller":"logging/config.go:65","msg":"Fetch GitHub commit ID from kodata failed: open /var/run/ko/HEAD: no such file or directory"}
{"level":"info","ts":1554972211.7993093,"logger":"fallback-logger","caller":"bash/main.go:65","msg":"Successfully executed command \"cp -r /workspace/source/. /pvc/build-and-push/workspace\""}
