Step: build-step-credential-initializer-6lgw4:

{"level":"warn","ts":1554993953.8053842,"logger":"fallback-logger","caller":"logging/config.go:65","msg":"Fetch GitHub commit ID from kodata failed: \"ref: refs/heads/backport-container-name-fix\" is not a valid GitHub commit ID"}
{"level":"info","ts":1554993953.8059316,"logger":"fallback-logger","caller":"creds-init/main.go:40","msg":"Credentials initialized."}
Step: build-step-git-source-jenkins-x-charts-prow-pr-471-te-pgrls:

{"level":"warn","ts":1554993955.383441,"logger":"fallback-logger","caller":"logging/config.go:65","msg":"Fetch GitHub commit ID from kodata failed: \"ref: refs/heads/backport-container-name-fix\" is not a valid GitHub commit ID"}
{"level":"info","ts":1554993956.7922564,"logger":"fallback-logger","caller":"git-init/main.go:99","msg":"Successfully cloned \"https://github.com/jenkins-x-charts/prow\" @ \"6ca05a31fa8420352e8903c8fa11bc582ebe4839\" in path \"/workspace/source\""}
Step: build-step-place-tools:

Step: build-step-git-merge:

Warning failed to load version: failed to parse version -dev+548a93a-dev+981c48321: No Major.Minor.Patch elements found
Using SHAs from PULL_REFS=master:600fbca7428d06563812b2bbee66521012b554d8,471:6ca05a31fa8420352e8903c8fa11bc582ebe4839
ran git fetch --unshallow origin 6ca05a31fa8420352e8903c8fa11bc582ebe4839: 600fbca7428d06563812b2bbee66521012b554d8: in 
ran git checkout master in 
ran git reset --hard 600fbca7428d06563812b2bbee66521012b554d8 in 
ran clean --force -d . in 
ran git merge 6ca05a31fa8420352e8903c8fa11bc582ebe4839 in 
Step: build-step-build-build:

cat: /builder/home/basic-auth-user.json: No such file or directory
cat: /builder/home/basic-auth-pass.json: No such file or directory
rm -rf prow/charts
rm -rf prow/prow*.tgz
rm -rf prow/requirements.lock
helm init --client-only
Creating /builder/home/.helm 
Creating /builder/home/.helm/repository 
Creating /builder/home/.helm/repository/cache 
Creating /builder/home/.helm/repository/local 
Creating /builder/home/.helm/plugins 
Creating /builder/home/.helm/starters 
Creating /builder/home/.helm/cache/archive 
Creating /builder/home/.helm/repository/repositories.yaml 
Adding stable repo with URL: https://kubernetes-charts.storage.googleapis.com 
Adding local repo with URL: http://127.0.0.1:8879/charts 
$HELM_HOME has been configured at /builder/home/.helm.
Not installing Tiller due to 'client-only' flag having been set
Happy Helming!
helm repo add jenkins-x http://chartmuseum.jenkins-x.io 	
"jenkins-x" has been added to your repositories
helm dependency build prow
No requirements found in prow/charts.
helm lint prow
==> Linting prow
Lint OK

1 chart(s) linted, no failures
Step: build-step-source-mkdir-jenkins-x-charts-prow-pr-471-te-cq64q:

{"level":"warn","ts":1554994141.3052614,"logger":"fallback-logger","caller":"logging/config.go:65","msg":"Fetch GitHub commit ID from kodata failed: open /var/run/ko/HEAD: no such file or directory"}
{"level":"info","ts":1554994141.3304198,"logger":"fallback-logger","caller":"bash/main.go:65","msg":"Successfully executed command \"mkdir -p /pvc/from-build-pack/workspace\""}
Step: build-step-source-copy-jenkins-x-charts-prow-pr-471-te-k5gnq:

{"level":"warn","ts":1554994142.2549248,"logger":"fallback-logger","caller":"logging/config.go:65","msg":"Fetch GitHub commit ID from kodata failed: open /var/run/ko/HEAD: no such file or directory"}
{"level":"info","ts":1554994142.5070062,"logger":"fallback-logger","caller":"bash/main.go:65","msg":"Successfully executed command \"cp -r /workspace/source/. /pvc/from-build-pack/workspace\""}
