Step: build-step-credential-initializer-cw452:

{"level":"warn","ts":1554926816.592829,"logger":"fallback-logger","caller":"logging/config.go:65","msg":"Fetch GitHub commit ID from kodata failed: \"ref: refs/heads/backport-container-name-fix\" is not a valid GitHub commit ID"}
{"level":"info","ts":1554926816.593806,"logger":"fallback-logger","caller":"creds-init/main.go:40","msg":"Credentials initialized."}
Step: build-step-git-source-jenkins-x-charts-prow-pr-467-te-vqpjr:

{"level":"warn","ts":1554926818.1721525,"logger":"fallback-logger","caller":"logging/config.go:65","msg":"Fetch GitHub commit ID from kodata failed: \"ref: refs/heads/backport-container-name-fix\" is not a valid GitHub commit ID"}
{"level":"info","ts":1554926819.6021955,"logger":"fallback-logger","caller":"git-init/main.go:99","msg":"Successfully cloned \"https://github.com/jenkins-x-charts/prow\" @ \"1e6b02339f5c40754490872a39a7643150585593\" in path \"/workspace/source\""}
Step: build-step-place-tools:

Step: build-step-git-merge:

Warning failed to load version: failed to parse version -dev+548a93a-dev+981c48321: No Major.Minor.Patch elements found
Using SHAs from PULL_REFS=master:c149510898a33b1a1b1ee24ed81c17fa6fe17829,467:1e6b02339f5c40754490872a39a7643150585593
ran git fetch --unshallow origin 1e6b02339f5c40754490872a39a7643150585593: c149510898a33b1a1b1ee24ed81c17fa6fe17829: in 
ran git checkout master in 
ran git reset --hard c149510898a33b1a1b1ee24ed81c17fa6fe17829 in 
ran clean --force -d . in 
ran git merge 1e6b02339f5c40754490872a39a7643150585593 in 
Step: build-step-build-build:

cat: /builder/home/basic-auth-user.json: No such file or directory
cat: /builder/home/basic-auth-pass.json: No such file or directory
rm -rf prow/charts
rm -rf prow/prow*.tgz
rm -rf prow/requirements.lock
helm init --client-only
Creating /builder/home/.helm 
Creating /builder/home/.helm/repository 
Creating /builder/home/.helm/repository/cache 
Creating /builder/home/.helm/repository/local 
Creating /builder/home/.helm/plugins 
Creating /builder/home/.helm/starters 
Creating /builder/home/.helm/cache/archive 
Creating /builder/home/.helm/repository/repositories.yaml 
Adding stable repo with URL: https://kubernetes-charts.storage.googleapis.com 
Adding local repo with URL: http://127.0.0.1:8879/charts 
$HELM_HOME has been configured at /builder/home/.helm.
Not installing Tiller due to 'client-only' flag having been set
Happy Helming!
helm repo add jenkins-x http://chartmuseum.jenkins-x.io 	
"jenkins-x" has been added to your repositories
helm dependency build prow
No requirements found in prow/charts.
helm lint prow
==> Linting prow
Lint OK

1 chart(s) linted, no failures
Step: build-step-source-mkdir-jenkins-x-charts-prow-pr-467-te-sz96h:

{"level":"warn","ts":1554926838.1298363,"logger":"fallback-logger","caller":"logging/config.go:65","msg":"Fetch GitHub commit ID from kodata failed: open /var/run/ko/HEAD: no such file or directory"}
{"level":"info","ts":1554926838.238083,"logger":"fallback-logger","caller":"bash/main.go:65","msg":"Successfully executed command \"mkdir -p /pvc/from-build-pack/workspace\""}
Step: build-step-source-copy-jenkins-x-charts-prow-pr-467-te-r5bqt:

{"level":"warn","ts":1554926840.0292945,"logger":"fallback-logger","caller":"logging/config.go:65","msg":"Fetch GitHub commit ID from kodata failed: open /var/run/ko/HEAD: no such file or directory"}
{"level":"info","ts":1554926840.0444815,"logger":"fallback-logger","caller":"bash/main.go:65","msg":"Successfully executed command \"cp -r /workspace/source/. /pvc/from-build-pack/workspace\""}
