Step: build-step-credential-initializer-9mrxh:

{"level":"warn","ts":1554983167.6669953,"logger":"fallback-logger","caller":"logging/config.go:65","msg":"Fetch GitHub commit ID from kodata failed: \"ref: refs/heads/backport-container-name-fix\" is not a valid GitHub commit ID"}
{"level":"info","ts":1554983167.670715,"logger":"fallback-logger","caller":"creds-init/main.go:40","msg":"Credentials initialized."}
Step: build-step-git-source-jenkins-x-**-docs-pr-1358-tekto-s6757:

{"level":"warn","ts":1554983169.4338603,"logger":"fallback-logger","caller":"logging/config.go:65","msg":"Fetch GitHub commit ID from kodata failed: \"ref: refs/heads/backport-container-name-fix\" is not a valid GitHub commit ID"}
{"level":"info","ts":1554983173.5083656,"logger":"fallback-logger","caller":"git-init/main.go:99","msg":"Successfully cloned \"https://github.com/jenkins-x/**-docs\" @ \"cab11720c2e135cdbf3cbf969bb986f1b049bb9e\" in path \"/workspace/source\""}
Step: build-step-place-tools:

Step: build-step-git-merge:

Warning failed to load version: failed to parse version -dev+548a93a-dev+981c48321: No Major.Minor.Patch elements found
Using SHAs from PULL_REFS=master:d1528df258437943d36bdea1dc2088570249ac72,1358:cab11720c2e135cdbf3cbf969bb986f1b049bb9e
ran git fetch --unshallow origin cab11720c2e135cdbf3cbf969bb986f1b049bb9e: d1528df258437943d36bdea1dc2088570249ac72: in 
ran git checkout master in 
ran git reset --hard d1528df258437943d36bdea1dc2088570249ac72 in 
ran clean --force -d . in 
ran git merge cab11720c2e135cdbf3cbf969bb986f1b049bb9e in 
Step: build-step-step2:

Hugo Static Site Generator v0.49 linux/amd64 BuildDate: 2018-09-24T10:03:17Z
Step: build-step-step3:

[?25lBuilding sites … [?25h[K
                   | EN  | ZH   
+------------------+-----+-----+
  Pages            | 458 |  78  
  Paginator pages  |   3 |   0  
  Non-page files   |   0 |   0  
  Static files     | 242 | 242  
  Processed images |   0 |   0  
  Aliases          |  11 |   8  
  Sitemaps         |   2 |   1  
  Cleaned          |   0 |   0  

Total in 1034 ms
Step: build-step-source-mkdir-jenkins-x-**-docs-pr-1358-tekto-2dlxn:

{"level":"warn","ts":1554983193.3329203,"logger":"fallback-logger","caller":"logging/config.go:65","msg":"Fetch GitHub commit ID from kodata failed: open /var/run/ko/HEAD: no such file or directory"}
{"level":"info","ts":1554983193.4661098,"logger":"fallback-logger","caller":"bash/main.go:65","msg":"Successfully executed command \"mkdir -p /pvc/build-tmp-website/workspace\""}
Step: build-step-source-copy-jenkins-x-**-docs-pr-1358-tekto-gp2w6:

{"level":"warn","ts":1554983194.970431,"logger":"fallback-logger","caller":"logging/config.go:65","msg":"Fetch GitHub commit ID from kodata failed: open /var/run/ko/HEAD: no such file or directory"}
{"level":"info","ts":1554983195.356179,"logger":"fallback-logger","caller":"bash/main.go:65","msg":"Successfully executed command \"cp -r /workspace/source/. /pvc/build-tmp-website/workspace\""}
